#
# There is insufficient memory for the Java Runtime Environment to continue.
# Native memory allocation (malloc) failed to allocate 786736 bytes for Chunk::new
# Possible reasons:
#   The system is out of physical RAM or swap space
#   The process is running with CompressedOops enabled, and the Java Heap may be blocking the growth of the native heap
# Possible solutions:
#   Reduce memory load on the system
#   Increase physical memory or swap space
#   Check if swap backing store is full
#   Decrease Java heap size (-Xmx/-Xms)
#   Decrease number of Java threads
#   Decrease Java thread stack sizes (-Xss)
#   Set larger code cache with -XX:ReservedCodeCacheSize=
#   JVM is running with Unscaled Compressed Oops mode in which the Java heap is
#     placed in the first 4GB address space. The Java Heap base address is the
#     maximum limit for the native heap growth. Please use -XX:HeapBaseMinAddress
#     to set the Java Heap base and to place the Java Heap above 4GB virtual address.
# This output file may be truncated or incomplete.
#
#  Out of Memory Error (./src/hotspot/share/memory/arena.cpp:197), pid=12648, tid=9524
#
# JRE version: OpenJDK Runtime Environment (11.0.10) (build 11.0.10+0-b96-7249189)
# Java VM: OpenJDK 64-Bit Server VM (11.0.10+0-b96-7249189, mixed mode, tiered, compressed oops, g1 gc, windows-amd64)
# No core dump will be written. Minidumps are not enabled by default on client versions of Windows
#

---------------  S U M M A R Y ------------

Command Line: --add-opens=java.base/java.util=ALL-UNNAMED --add-opens=java.base/java.lang=ALL-UNNAMED --add-opens=java.base/java.lang.invoke=ALL-UNNAMED --add-opens=java.base/java.util=ALL-UNNAMED --add-opens=java.prefs/java.util.prefs=ALL-UNNAMED --add-opens=java.prefs/java.util.prefs=ALL-UNNAMED --add-opens=java.base/java.nio.charset=ALL-UNNAMED --add-opens=java.base/java.net=ALL-UNNAMED --add-opens=java.base/java.util.concurrent.atomic=ALL-UNNAMED -Xmx2048m -Dfile.encoding=UTF-8 -Duser.country=US -Duser.language=en -Duser.variant org.gradle.launcher.daemon.bootstrap.GradleDaemon 7.0.2

Host: Intel(R) Core(TM) i7-8750H CPU @ 2.20GHz, 12 cores, 7G,  Windows 10 , 64 bit Build 22000 (10.0.22000.675)
Time: Tue Jun 14 16:28:15 2022 SE Asia Standard Time elapsed time: 5.986115 seconds (0d 0h 0m 5s)

---------------  T H R E A D  ---------------

Current thread (0x0000018c75363000):  JavaThread "C2 CompilerThread0" daemon [_thread_in_native, id=9524, stack(0x0000001d65f00000,0x0000001d66000000)]


Current CompileTask:
C2:   5986 2242       4       java.net.URLClassLoader$1::run (5 bytes)

Stack: [0x0000001d65f00000,0x0000001d66000000]
Native frames: (J=compiled Java code, j=interpreted, Vv=VM code, C=native code)
V  [jvm.dll+0x5ecfaa]
V  [jvm.dll+0x722bd5]
V  [jvm.dll+0x72412d]
V  [jvm.dll+0x7247e3]
V  [jvm.dll+0x242928]
V  [jvm.dll+0xbc4fc]
V  [jvm.dll+0xbca0c]
V  [jvm.dll+0x2b4fd4]
V  [jvm.dll+0x506028]
V  [jvm.dll+0x1fccf6]
V  [jvm.dll+0x1fa77f]
V  [jvm.dll+0x18354c]
V  [jvm.dll+0x208ee7]
V  [jvm.dll+0x207731]
V  [jvm.dll+0x6eb1cf]
V  [jvm.dll+0x6e3d45]
V  [jvm.dll+0x5ebe96]
C  [ucrtbase.dll+0x26c0c]
C  [KERNEL32.DLL+0x154e0]
C  [ntdll.dll+0x485b]


---------------  P R O C E S S  ---------------

Threads class SMR info:
_java_thread_list=0x0000018c79ada380, length=30, elements={
0x0000018c5aa90000, 0x0000018c7533e000, 0x0000018c75349000, 0x0000018c7535b800,
0x0000018c7535d000, 0x0000018c7535e000, 0x0000018c75363000, 0x0000018c75cba800,
0x0000018c75cbc800, 0x0000018c75e10000, 0x0000018c7828a800, 0x0000018c7712f000,
0x0000018c77b99800, 0x0000018c77ee8800, 0x0000018c77ee9800, 0x0000018c76857000,
0x0000018c77393800, 0x0000018c77cde800, 0x0000018c77fa5000, 0x0000018c77fa7800,
0x0000018c77fa6800, 0x0000018c77fa6000, 0x0000018c77fa8800, 0x0000018c77fa9000,
0x0000018c77faa000, 0x0000018c77fa4000, 0x0000018c77fab000, 0x0000018c77dcf800,
0x0000018c77dcd800, 0x0000018c77dcc000
}

Java Threads: ( => current thread )
  0x0000018c5aa90000 JavaThread "main" [_thread_blocked, id=1268, stack(0x0000001d65300000,0x0000001d65400000)]
  0x0000018c7533e000 JavaThread "Reference Handler" daemon [_thread_blocked, id=9416, stack(0x0000001d65a00000,0x0000001d65b00000)]
  0x0000018c75349000 JavaThread "Finalizer" daemon [_thread_blocked, id=2852, stack(0x0000001d65b00000,0x0000001d65c00000)]
  0x0000018c7535b800 JavaThread "Signal Dispatcher" daemon [_thread_blocked, id=5716, stack(0x0000001d65c00000,0x0000001d65d00000)]
  0x0000018c7535d000 JavaThread "Attach Listener" daemon [_thread_blocked, id=6712, stack(0x0000001d65d00000,0x0000001d65e00000)]
  0x0000018c7535e000 JavaThread "Service Thread" daemon [_thread_blocked, id=13724, stack(0x0000001d65e00000,0x0000001d65f00000)]
=>0x0000018c75363000 JavaThread "C2 CompilerThread0" daemon [_thread_in_native, id=9524, stack(0x0000001d65f00000,0x0000001d66000000)]
  0x0000018c75cba800 JavaThread "C1 CompilerThread0" daemon [_thread_blocked, id=13848, stack(0x0000001d66000000,0x0000001d66100000)]
  0x0000018c75cbc800 JavaThread "Sweeper thread" daemon [_thread_blocked, id=7656, stack(0x0000001d66100000,0x0000001d66200000)]
  0x0000018c75e10000 JavaThread "Common-Cleaner" daemon [_thread_blocked, id=9836, stack(0x0000001d66200000,0x0000001d66300000)]
  0x0000018c7828a800 JavaThread "Daemon health stats" [_thread_blocked, id=8548, stack(0x0000001d66600000,0x0000001d66700000)]
  0x0000018c7712f000 JavaThread "Incoming local TCP Connector on port 61776" [_thread_in_native, id=9588, stack(0x0000001d66700000,0x0000001d66800000)]
  0x0000018c77b99800 JavaThread "Daemon periodic checks" [_thread_blocked, id=4884, stack(0x0000001d66800000,0x0000001d66900000)]
  0x0000018c77ee8800 JavaThread "Daemon" [_thread_blocked, id=12656, stack(0x0000001d66900000,0x0000001d66a00000)]
  0x0000018c77ee9800 JavaThread "Handler for socket connection from /127.0.0.1:61776 to /127.0.0.1:61777" [_thread_in_native, id=13624, stack(0x0000001d66a00000,0x0000001d66b00000)]
  0x0000018c76857000 JavaThread "Cancel handler" [_thread_blocked, id=10492, stack(0x0000001d66b00000,0x0000001d66c00000)]
  0x0000018c77393800 JavaThread "Daemon worker" [_thread_blocked, id=9692, stack(0x0000001d66c00000,0x0000001d66d00000)]
  0x0000018c77cde800 JavaThread "Asynchronous log dispatcher for DefaultDaemonConnection: socket connection from /127.0.0.1:61776 to /127.0.0.1:61777" [_thread_blocked, id=13156, stack(0x0000001d66d00000,0x0000001d66e00000)]
  0x0000018c77fa5000 JavaThread "Stdin handler" [_thread_blocked, id=10008, stack(0x0000001d66e00000,0x0000001d66f00000)]
  0x0000018c77fa7800 JavaThread "Daemon client event forwarder" [_thread_blocked, id=14708, stack(0x0000001d66f00000,0x0000001d67000000)]
  0x0000018c77fa6800 JavaThread "Cache worker for file hash cache (C:\Users\qteef\.gradle\caches\7.0.2\fileHashes)" [_thread_blocked, id=5720, stack(0x0000001d67700000,0x0000001d67800000)]
  0x0000018c77fa6000 JavaThread "File lock request listener" [_thread_in_native, id=7204, stack(0x0000001d67800000,0x0000001d67900000)]
  0x0000018c77fa8800 JavaThread "Cache worker for journal cache (C:\Users\qteef\.gradle\caches\journal-1)" [_thread_blocked, id=8344, stack(0x0000001d67b00000,0x0000001d67c00000)]
  0x0000018c77fa9000 JavaThread "Cache worker for file hash cache (D:\Code\Android\Learn\MyListView\.gradle\7.0.2\fileHashes)" [_thread_blocked, id=14408, stack(0x0000001d67c00000,0x0000001d67d00000)]
  0x0000018c77faa000 JavaThread "File watcher server" daemon [_thread_in_native, id=12584, stack(0x0000001d67d00000,0x0000001d67e00000)]
  0x0000018c77fa4000 JavaThread "File watcher consumer" daemon [_thread_blocked, id=11276, stack(0x0000001d67e00000,0x0000001d67f00000)]
  0x0000018c77fab000 JavaThread "Cache worker for checksums cache (D:\Code\Android\Learn\MyListView\.gradle\checksums)" [_thread_blocked, id=11896, stack(0x0000001d67f00000,0x0000001d68000000)]
  0x0000018c77dcf800 JavaThread "Cache worker for cache directory md-supplier (C:\Users\qteef\.gradle\caches\7.0.2\md-supplier)" [_thread_blocked, id=9816, stack(0x0000001d68000000,0x0000001d68100000)]
  0x0000018c77dcd800 JavaThread "Cache worker for cache directory md-rule (C:\Users\qteef\.gradle\caches\7.0.2\md-rule)" [_thread_blocked, id=1876, stack(0x0000001d68100000,0x0000001d68200000)]
  0x0000018c77dcc000 JavaThread "Cache worker for execution history cache (C:\Users\qteef\.gradle\caches\7.0.2\executionHistory)" [_thread_blocked, id=13172, stack(0x0000001d68200000,0x0000001d68300000)]

Other Threads:
  0x0000018c7533a000 VMThread "VM Thread" [stack: 0x0000001d65900000,0x0000001d65a00000] [id=10600]
  0x0000018c75e22800 WatcherThread [stack: 0x0000001d66300000,0x0000001d66400000] [id=8136]
  0x0000018c5aaab800 GCTaskThread "GC Thread#0" [stack: 0x0000001d65400000,0x0000001d65500000] [id=10112]
  0x0000018c76bee800 GCTaskThread "GC Thread#1" [stack: 0x0000001d66400000,0x0000001d66500000] [id=1408]
  0x0000018c76ec7800 GCTaskThread "GC Thread#2" [stack: 0x0000001d66500000,0x0000001d66600000] [id=11500]
  0x0000018c78129800 GCTaskThread "GC Thread#3" [stack: 0x0000001d67000000,0x0000001d67100000] [id=14940]
  0x0000018c77b82800 GCTaskThread "GC Thread#4" [stack: 0x0000001d67100000,0x0000001d67200000] [id=4456]
  0x0000018c77fa2800 GCTaskThread "GC Thread#5" [stack: 0x0000001d67200000,0x0000001d67300000] [id=12420]
  0x0000018c77fa3000 GCTaskThread "GC Thread#6" [stack: 0x0000001d67300000,0x0000001d67400000] [id=1580]
  0x0000018c7827c000 GCTaskThread "GC Thread#7" [stack: 0x0000001d67400000,0x0000001d67500000] [id=15144]
  0x0000018c7827c800 GCTaskThread "GC Thread#8" [stack: 0x0000001d67500000,0x0000001d67600000] [id=10184]
  0x0000018c784cd000 GCTaskThread "GC Thread#9" [stack: 0x0000001d67600000,0x0000001d67700000] [id=12716]
  0x0000018c5aadb800 ConcurrentGCThread "G1 Main Marker" [stack: 0x0000001d65500000,0x0000001d65600000] [id=2432]
  0x0000018c5aadd000 ConcurrentGCThread "G1 Conc#0" [stack: 0x0000001d65600000,0x0000001d65700000] [id=10584]
  0x0000018c784d2000 ConcurrentGCThread "G1 Conc#1" [stack: 0x0000001d67900000,0x0000001d67a00000] [id=1704]
  0x0000018c784ce000 ConcurrentGCThread "G1 Conc#2" [stack: 0x0000001d67a00000,0x0000001d67b00000] [id=5976]
  0x0000018c75191800 ConcurrentGCThread "G1 Refine#0" [stack: 0x0000001d65700000,0x0000001d65800000] [id=13192]
  0x0000018c75192800 ConcurrentGCThread "G1 Young RemSet Sampling" [stack: 0x0000001d65800000,0x0000001d65900000] [id=10640]

Threads with active compile tasks:
C2 CompilerThread0   6470 2242       4       java.net.URLClassLoader$1::run (5 bytes)

VM state:at safepoint (normal execution)

VM Mutex/Monitor currently owned by a thread:  ([mutex/lock_event])
[0x0000018c5aa8c620] Threads_lock - owner thread: 0x0000018c7533a000
[0x0000018c5aa8b930] Heap_lock - owner thread: 0x0000018c77393800

Heap address: 0x0000000080000000, size: 2048 MB, Compressed Oops mode: 32-bit
Narrow klass base: 0x0000000000000000, Narrow klass shift: 3
Compressed class space size: 1073741824 Address: 0x0000000100000000

Heap:
 garbage-first heap   total 129024K, used 21465K [0x0000000080000000, 0x0000000100000000)
  region size 1024K, 4 young (4096K), 4 survivors (4096K)
 Metaspace       used 33849K, capacity 34575K, committed 34688K, reserved 1118208K
  class space    used 4412K, capacity 4680K, committed 4736K, reserved 1048576K
Heap Regions: E=young(eden), S=young(survivor), O=old, HS=humongous(starts), HC=humongous(continues), CS=collection set, F=free, A=archive, TAMS=top-at-mark-start (previous, next)
|   0|0x0000000080000000, 0x0000000080100000, 0x0000000080100000|100%| O|  |TAMS 0x0000000080100000, 0x0000000080100000| Untracked 
|   1|0x0000000080100000, 0x0000000080200000, 0x0000000080200000|100%| O|  |TAMS 0x0000000080200000, 0x0000000080200000| Untracked 
|   2|0x0000000080200000, 0x0000000080300000, 0x0000000080300000|100%| O|  |TAMS 0x0000000080300000, 0x0000000080300000| Untracked 
|   3|0x0000000080300000, 0x0000000080400000, 0x0000000080400000|100%|HS|  |TAMS 0x0000000080400000, 0x0000000080400000| Complete 
|   4|0x0000000080400000, 0x0000000080500000, 0x0000000080500000|100%|HC|  |TAMS 0x0000000080500000, 0x0000000080500000| Complete 
|   5|0x0000000080500000, 0x0000000080600000, 0x0000000080600000|100%|HC|  |TAMS 0x0000000080600000, 0x0000000080600000| Complete 
|   6|0x0000000080600000, 0x0000000080700000, 0x0000000080700000|100%| O|  |TAMS 0x0000000080700000, 0x0000000080700000| Untracked 
|   7|0x0000000080700000, 0x0000000080800000, 0x0000000080800000|100%| O|  |TAMS 0x0000000080800000, 0x0000000080800000| Untracked 
|   8|0x0000000080800000, 0x0000000080900000, 0x0000000080900000|100%| O|  |TAMS 0x0000000080900000, 0x0000000080900000| Untracked 
|   9|0x0000000080900000, 0x0000000080a00000, 0x0000000080a00000|100%| O|  |TAMS 0x0000000080a00000, 0x0000000080a00000| Untracked 
|  10|0x0000000080a00000, 0x0000000080b00000, 0x0000000080b00000|100%| O|  |TAMS 0x0000000080b00000, 0x0000000080b00000| Untracked 
|  11|0x0000000080b00000, 0x0000000080c00000, 0x0000000080c00000|100%| O|  |TAMS 0x0000000080c00000, 0x0000000080c00000| Untracked 
|  12|0x0000000080c00000, 0x0000000080d00000, 0x0000000080d00000|100%| O|  |TAMS 0x0000000080d00000, 0x0000000080d00000| Untracked 
|  13|0x0000000080d00000, 0x0000000080e00000, 0x0000000080e00000|100%| O|  |TAMS 0x0000000080e00000, 0x0000000080e00000| Untracked 
|  14|0x0000000080e00000, 0x0000000080f00000, 0x0000000080f00000|100%| O|  |TAMS 0x0000000080f00000, 0x0000000080f00000| Untracked 
|  15|0x0000000080f00000, 0x0000000081000000, 0x0000000081000000|100%| O|  |TAMS 0x0000000080f21200, 0x0000000081000000| Untracked 
|  16|0x0000000081000000, 0x0000000081100000, 0x0000000081100000|100%| O|  |TAMS 0x0000000081000000, 0x0000000081100000| Untracked 
|  17|0x0000000081100000, 0x000000008118a600, 0x0000000081200000| 54%| O|  |TAMS 0x0000000081100000, 0x000000008118a600| Untracked 
|  18|0x0000000081200000, 0x0000000081200000, 0x0000000081300000|  0%| F|  |TAMS 0x0000000081200000, 0x0000000081200000| Untracked 
|  19|0x0000000081300000, 0x0000000081300000, 0x0000000081400000|  0%| F|  |TAMS 0x0000000081300000, 0x0000000081300000| Untracked 
|  20|0x0000000081400000, 0x0000000081400000, 0x0000000081500000|  0%| F|  |TAMS 0x0000000081400000, 0x0000000081400000| Untracked 
|  21|0x0000000081500000, 0x0000000081500000, 0x0000000081600000|  0%| F|  |TAMS 0x0000000081500000, 0x0000000081500000| Untracked 
|  22|0x0000000081600000, 0x0000000081600000, 0x0000000081700000|  0%| F|  |TAMS 0x0000000081600000, 0x0000000081600000| Untracked 
|  23|0x0000000081700000, 0x0000000081700000, 0x0000000081800000|  0%| F|  |TAMS 0x0000000081700000, 0x0000000081700000| Untracked 
|  24|0x0000000081800000, 0x0000000081800000, 0x0000000081900000|  0%| F|  |TAMS 0x0000000081800000, 0x0000000081800000| Untracked 
|  25|0x0000000081900000, 0x0000000081900000, 0x0000000081a00000|  0%| F|  |TAMS 0x0000000081900000, 0x0000000081900000| Untracked 
|  26|0x0000000081a00000, 0x0000000081a00000, 0x0000000081b00000|  0%| F|  |TAMS 0x0000000081a00000, 0x0000000081a00000| Untracked 
|  27|0x0000000081b00000, 0x0000000081b00000, 0x0000000081c00000|  0%| F|  |TAMS 0x0000000081b00000, 0x0000000081b00000| Untracked 
|  28|0x0000000081c00000, 0x0000000081c00000, 0x0000000081d00000|  0%| F|  |TAMS 0x0000000081c00000, 0x0000000081c00000| Untracked 
|  29|0x0000000081d00000, 0x0000000081d00000, 0x0000000081e00000|  0%| F|  |TAMS 0x0000000081d00000, 0x0000000081d00000| Untracked 
|  30|0x0000000081e00000, 0x0000000081e00000, 0x0000000081f00000|  0%| F|  |TAMS 0x0000000081e00000, 0x0000000081e00000| Untracked 
|  31|0x0000000081f00000, 0x0000000081f00000, 0x0000000082000000|  0%| F|  |TAMS 0x0000000081f00000, 0x0000000081f00000| Untracked 
|  32|0x0000000082000000, 0x0000000082000000, 0x0000000082100000|  0%| F|  |TAMS 0x0000000082000000, 0x0000000082000000| Untracked 
|  33|0x0000000082100000, 0x0000000082100000, 0x0000000082200000|  0%| F|  |TAMS 0x0000000082100000, 0x0000000082100000| Untracked 
|  34|0x0000000082200000, 0x0000000082200000, 0x0000000082300000|  0%| F|  |TAMS 0x0000000082200000, 0x0000000082200000| Untracked 
|  35|0x0000000082300000, 0x0000000082300000, 0x0000000082400000|  0%| F|  |TAMS 0x0000000082300000, 0x0000000082300000| Untracked 
|  36|0x0000000082400000, 0x0000000082400000, 0x0000000082500000|  0%| F|  |TAMS 0x0000000082400000, 0x0000000082400000| Untracked 
|  37|0x0000000082500000, 0x0000000082500000, 0x0000000082600000|  0%| F|  |TAMS 0x0000000082500000, 0x0000000082500000| Untracked 
|  38|0x0000000082600000, 0x0000000082600000, 0x0000000082700000|  0%| F|  |TAMS 0x0000000082600000, 0x0000000082600000| Untracked 
|  39|0x0000000082700000, 0x0000000082700000, 0x0000000082800000|  0%| F|  |TAMS 0x0000000082700000, 0x0000000082700000| Untracked 
|  40|0x0000000082800000, 0x0000000082800000, 0x0000000082900000|  0%| F|  |TAMS 0x0000000082800000, 0x0000000082800000| Untracked 
|  41|0x0000000082900000, 0x0000000082900000, 0x0000000082a00000|  0%| F|  |TAMS 0x0000000082900000, 0x0000000082900000| Untracked 
|  42|0x0000000082a00000, 0x0000000082a00000, 0x0000000082b00000|  0%| F|  |TAMS 0x0000000082a00000, 0x0000000082a00000| Untracked 
|  43|0x0000000082b00000, 0x0000000082b00000, 0x0000000082c00000|  0%| F|  |TAMS 0x0000000082b00000, 0x0000000082b00000| Untracked 
|  44|0x0000000082c00000, 0x0000000082c00000, 0x0000000082d00000|  0%| F|  |TAMS 0x0000000082c00000, 0x0000000082c00000| Untracked 
|  45|0x0000000082d00000, 0x0000000082d00000, 0x0000000082e00000|  0%| F|  |TAMS 0x0000000082d00000, 0x0000000082d00000| Untracked 
|  46|0x0000000082e00000, 0x0000000082e00000, 0x0000000082f00000|  0%| F|  |TAMS 0x0000000082e00000, 0x0000000082e00000| Untracked 
|  47|0x0000000082f00000, 0x0000000082f00000, 0x0000000083000000|  0%| F|  |TAMS 0x0000000082f00000, 0x0000000082f00000| Untracked 
|  48|0x0000000083000000, 0x0000000083000000, 0x0000000083100000|  0%| F|  |TAMS 0x0000000083000000, 0x0000000083000000| Untracked 
|  49|0x0000000083100000, 0x0000000083100000, 0x0000000083200000|  0%| F|  |TAMS 0x0000000083100000, 0x0000000083100000| Untracked 
|  50|0x0000000083200000, 0x0000000083200000, 0x0000000083300000|  0%| F|  |TAMS 0x0000000083200000, 0x0000000083200000| Untracked 
|  51|0x0000000083300000, 0x0000000083300000, 0x0000000083400000|  0%| F|  |TAMS 0x0000000083300000, 0x0000000083300000| Untracked 
|  52|0x0000000083400000, 0x0000000083400000, 0x0000000083500000|  0%| F|  |TAMS 0x0000000083400000, 0x0000000083400000| Untracked 
|  53|0x0000000083500000, 0x0000000083500000, 0x0000000083600000|  0%| F|  |TAMS 0x0000000083500000, 0x0000000083500000| Untracked 
|  54|0x0000000083600000, 0x0000000083600000, 0x0000000083700000|  0%| F|  |TAMS 0x0000000083600000, 0x0000000083600000| Untracked 
|  55|0x0000000083700000, 0x0000000083700000, 0x0000000083800000|  0%| F|  |TAMS 0x0000000083700000, 0x0000000083700000| Untracked 
|  56|0x0000000083800000, 0x0000000083800000, 0x0000000083900000|  0%| F|  |TAMS 0x0000000083800000, 0x0000000083800000| Untracked 
|  57|0x0000000083900000, 0x0000000083900000, 0x0000000083a00000|  0%| F|  |TAMS 0x0000000083900000, 0x0000000083900000| Untracked 
|  58|0x0000000083a00000, 0x0000000083a00000, 0x0000000083b00000|  0%| F|  |TAMS 0x0000000083a00000, 0x0000000083a00000| Untracked 
|  59|0x0000000083b00000, 0x0000000083b00000, 0x0000000083c00000|  0%| F|  |TAMS 0x0000000083b00000, 0x0000000083b00000| Untracked 
|  60|0x0000000083c00000, 0x0000000083c00000, 0x0000000083d00000|  0%| F|  |TAMS 0x0000000083c00000, 0x0000000083c00000| Untracked 
|  61|0x0000000083d00000, 0x0000000083d00000, 0x0000000083e00000|  0%| F|  |TAMS 0x0000000083d00000, 0x0000000083d00000| Untracked 
|  62|0x0000000083e00000, 0x0000000083e00000, 0x0000000083f00000|  0%| F|  |TAMS 0x0000000083e00000, 0x0000000083e00000| Untracked 
|  63|0x0000000083f00000, 0x0000000083f00000, 0x0000000084000000|  0%| F|  |TAMS 0x0000000083f00000, 0x0000000083f00000| Untracked 
|  64|0x0000000084000000, 0x0000000084000000, 0x0000000084100000|  0%| F|  |TAMS 0x0000000084000000, 0x0000000084000000| Untracked 
|  65|0x0000000084100000, 0x0000000084100000, 0x0000000084200000|  0%| F|  |TAMS 0x0000000084100000, 0x0000000084100000| Untracked 
|  66|0x0000000084200000, 0x0000000084200000, 0x0000000084300000|  0%| F|  |TAMS 0x0000000084200000, 0x0000000084200000| Untracked 
|  67|0x0000000084300000, 0x0000000084300000, 0x0000000084400000|  0%| F|  |TAMS 0x0000000084300000, 0x0000000084300000| Untracked 
|  68|0x0000000084400000, 0x0000000084400000, 0x0000000084500000|  0%| F|  |TAMS 0x0000000084400000, 0x0000000084400000| Untracked 
|  69|0x0000000084500000, 0x0000000084500000, 0x0000000084600000|  0%| F|  |TAMS 0x0000000084500000, 0x0000000084500000| Untracked 
|  70|0x0000000084600000, 0x0000000084600000, 0x0000000084700000|  0%| F|  |TAMS 0x0000000084600000, 0x0000000084600000| Untracked 
|  71|0x0000000084700000, 0x0000000084700000, 0x0000000084800000|  0%| F|  |TAMS 0x0000000084700000, 0x0000000084700000| Untracked 
|  72|0x0000000084800000, 0x0000000084800000, 0x0000000084900000|  0%| F|  |TAMS 0x0000000084800000, 0x0000000084800000| Untracked 
|  73|0x0000000084900000, 0x0000000084900000, 0x0000000084a00000|  0%| F|  |TAMS 0x0000000084900000, 0x0000000084900000| Untracked 
|  74|0x0000000084a00000, 0x0000000084a00000, 0x0000000084b00000|  0%| F|  |TAMS 0x0000000084a00000, 0x0000000084a00000| Untracked 
|  75|0x0000000084b00000, 0x0000000084b00000, 0x0000000084c00000|  0%| F|  |TAMS 0x0000000084b00000, 0x0000000084b00000| Untracked 
|  76|0x0000000084c00000, 0x0000000084c00000, 0x0000000084d00000|  0%| F|  |TAMS 0x0000000084c00000, 0x0000000084c00000| Untracked 
|  77|0x0000000084d00000, 0x0000000084d00000, 0x0000000084e00000|  0%| F|  |TAMS 0x0000000084d00000, 0x0000000084d00000| Untracked 
|  78|0x0000000084e00000, 0x0000000084e00000, 0x0000000084f00000|  0%| F|  |TAMS 0x0000000084e00000, 0x0000000084e00000| Untracked 
|  79|0x0000000084f00000, 0x0000000084f00000, 0x0000000085000000|  0%| F|  |TAMS 0x0000000084f00000, 0x0000000084f00000| Untracked 
|  80|0x0000000085000000, 0x0000000085000000, 0x0000000085100000|  0%| F|  |TAMS 0x0000000085000000, 0x0000000085000000| Untracked 
|  81|0x0000000085100000, 0x0000000085100000, 0x0000000085200000|  0%| F|  |TAMS 0x0000000085100000, 0x0000000085100000| Untracked 
|  82|0x0000000085200000, 0x0000000085200000, 0x0000000085300000|  0%| F|  |TAMS 0x0000000085200000, 0x0000000085200000| Untracked 
|  83|0x0000000085300000, 0x0000000085300000, 0x0000000085400000|  0%| F|  |TAMS 0x0000000085300000, 0x0000000085300000| Untracked 
|  84|0x0000000085400000, 0x0000000085400000, 0x0000000085500000|  0%| F|  |TAMS 0x0000000085400000, 0x0000000085400000| Untracked 
|  85|0x0000000085500000, 0x0000000085500000, 0x0000000085600000|  0%| F|  |TAMS 0x0000000085500000, 0x0000000085500000| Untracked 
|  86|0x0000000085600000, 0x0000000085600000, 0x0000000085700000|  0%| F|  |TAMS 0x0000000085600000, 0x0000000085600000| Untracked 
|  87|0x0000000085700000, 0x0000000085700000, 0x0000000085800000|  0%| F|  |TAMS 0x0000000085700000, 0x0000000085700000| Untracked 
|  88|0x0000000085800000, 0x0000000085800000, 0x0000000085900000|  0%| F|  |TAMS 0x0000000085800000, 0x0000000085800000| Untracked 
|  89|0x0000000085900000, 0x0000000085900000, 0x0000000085a00000|  0%| F|  |TAMS 0x0000000085900000, 0x0000000085900000| Untracked 
|  90|0x0000000085a00000, 0x0000000085a00000, 0x0000000085b00000|  0%| F|  |TAMS 0x0000000085a00000, 0x0000000085a00000| Untracked 
|  91|0x0000000085b00000, 0x0000000085b00000, 0x0000000085c00000|  0%| F|  |TAMS 0x0000000085b00000, 0x0000000085b00000| Untracked 
|  92|0x0000000085c00000, 0x0000000085c00000, 0x0000000085d00000|  0%| F|  |TAMS 0x0000000085c00000, 0x0000000085c00000| Untracked 
|  93|0x0000000085d00000, 0x0000000085d00000, 0x0000000085e00000|  0%| F|  |TAMS 0x0000000085d00000, 0x0000000085d00000| Untracked 
|  94|0x0000000085e00000, 0x0000000085e00000, 0x0000000085f00000|  0%| F|  |TAMS 0x0000000085e00000, 0x0000000085e00000| Untracked 
|  95|0x0000000085f00000, 0x0000000085f00000, 0x0000000086000000|  0%| F|  |TAMS 0x0000000085f00000, 0x0000000085f00000| Untracked 
|  96|0x0000000086000000, 0x0000000086000000, 0x0000000086100000|  0%| F|  |TAMS 0x0000000086000000, 0x0000000086000000| Untracked 
|  97|0x0000000086100000, 0x0000000086100000, 0x0000000086200000|  0%| F|  |TAMS 0x0000000086100000, 0x0000000086100000| Untracked 
|  98|0x0000000086200000, 0x0000000086200000, 0x0000000086300000|  0%| F|  |TAMS 0x0000000086200000, 0x0000000086200000| Untracked 
|  99|0x0000000086300000, 0x0000000086300000, 0x0000000086400000|  0%| F|  |TAMS 0x0000000086300000, 0x0000000086300000| Untracked 
| 100|0x0000000086400000, 0x0000000086400000, 0x0000000086500000|  0%| F|  |TAMS 0x0000000086400000, 0x0000000086400000| Untracked 
| 101|0x0000000086500000, 0x0000000086500000, 0x0000000086600000|  0%| F|  |TAMS 0x0000000086500000, 0x0000000086500000| Untracked 
| 102|0x0000000086600000, 0x0000000086600000, 0x0000000086700000|  0%| F|  |TAMS 0x0000000086600000, 0x0000000086600000| Untracked 
| 103|0x0000000086700000, 0x0000000086700000, 0x0000000086800000|  0%| F|  |TAMS 0x0000000086700000, 0x0000000086700000| Untracked 
| 104|0x0000000086800000, 0x0000000086800000, 0x0000000086900000|  0%| F|  |TAMS 0x0000000086800000, 0x0000000086800000| Untracked 
| 105|0x0000000086900000, 0x0000000086900000, 0x0000000086a00000|  0%| F|  |TAMS 0x0000000086900000, 0x0000000086900000| Untracked 
| 106|0x0000000086a00000, 0x0000000086a00000, 0x0000000086b00000|  0%| F|  |TAMS 0x0000000086a00000, 0x0000000086a00000| Untracked 
| 107|0x0000000086b00000, 0x0000000086b00000, 0x0000000086c00000|  0%| F|  |TAMS 0x0000000086b00000, 0x0000000086b00000| Untracked 
| 108|0x0000000086c00000, 0x0000000086c00000, 0x0000000086d00000|  0%| F|  |TAMS 0x0000000086c00000, 0x0000000086c00000| Untracked 
| 109|0x0000000086d00000, 0x0000000086d00000, 0x0000000086e00000|  0%| F|  |TAMS 0x0000000086d00000, 0x0000000086d00000| Untracked 
| 110|0x0000000086e00000, 0x0000000086e00000, 0x0000000086f00000|  0%| F|  |TAMS 0x0000000086e00000, 0x0000000086e00000| Untracked 
| 111|0x0000000086f00000, 0x0000000086f00000, 0x0000000087000000|  0%| F|  |TAMS 0x0000000086f00000, 0x0000000086f00000| Untracked 
| 112|0x0000000087000000, 0x0000000087000000, 0x0000000087100000|  0%| F|  |TAMS 0x0000000087000000, 0x0000000087000000| Untracked 
| 113|0x0000000087100000, 0x0000000087100000, 0x0000000087200000|  0%| F|  |TAMS 0x0000000087100000, 0x0000000087100000| Untracked 
| 114|0x0000000087200000, 0x0000000087200000, 0x0000000087300000|  0%| F|  |TAMS 0x0000000087200000, 0x0000000087200000| Untracked 
| 115|0x0000000087300000, 0x0000000087300000, 0x0000000087400000|  0%| F|  |TAMS 0x0000000087300000, 0x0000000087300000| Untracked 
| 116|0x0000000087400000, 0x0000000087400000, 0x0000000087500000|  0%| F|  |TAMS 0x0000000087400000, 0x0000000087400000| Untracked 
| 117|0x0000000087500000, 0x0000000087500000, 0x0000000087600000|  0%| F|  |TAMS 0x0000000087500000, 0x0000000087500000| Untracked 
| 118|0x0000000087600000, 0x0000000087600000, 0x0000000087700000|  0%| F|  |TAMS 0x0000000087600000, 0x0000000087600000| Untracked 
| 119|0x0000000087700000, 0x0000000087700000, 0x0000000087800000|  0%| F|  |TAMS 0x0000000087700000, 0x0000000087700000| Untracked 
| 120|0x0000000087800000, 0x000000008786be78, 0x0000000087900000| 42%| S|CS|TAMS 0x0000000087800000, 0x0000000087800000| Complete 
| 121|0x0000000087900000, 0x0000000087a00000, 0x0000000087a00000|100%| S|CS|TAMS 0x0000000087900000, 0x0000000087900000| Complete 
| 122|0x0000000087a00000, 0x0000000087b00000, 0x0000000087b00000|100%| S|CS|TAMS 0x0000000087a00000, 0x0000000087a00000| Complete 
| 123|0x0000000087b00000, 0x0000000087c00000, 0x0000000087c00000|100%| S|CS|TAMS 0x0000000087b00000, 0x0000000087b00000| Complete 
| 124|0x0000000087c00000, 0x0000000087c00000, 0x0000000087d00000|  0%| F|  |TAMS 0x0000000087c00000, 0x0000000087c00000| Untracked 
| 125|0x0000000087d00000, 0x0000000087d00000, 0x0000000087e00000|  0%| F|  |TAMS 0x0000000087d00000, 0x0000000087d00000| Untracked 

Card table byte_map: [0x0000018c6ded0000,0x0000018c6e2d0000] _byte_map_base: 0x0000018c6dad0000

Marking Bits (Prev, Next): (CMBitMap*) 0x0000018c5aad2ab8, (CMBitMap*) 0x0000018c5aad2af0
 Prev Bits: [0x0000018c6e6d0000, 0x0000018c706d0000)
 Next Bits: [0x0000018c706d0000, 0x0000018c726d0000)

Polling page: 0x0000018c58a80000

Metaspace:

Usage:
  Non-class:     29.19 MB capacity,    28.75 MB ( 98%) used,   388.34 KB (  1%) free+waste,    69.94 KB ( <1%) overhead. 
      Class:      4.57 MB capacity,     4.31 MB ( 94%) used,   232.80 KB (  5%) free+waste,    34.56 KB ( <1%) overhead. 
       Both:     33.76 MB capacity,    33.06 MB ( 98%) used,   621.14 KB (  2%) free+waste,   104.50 KB ( <1%) overhead. 

Virtual space:
  Non-class space:       68.00 MB reserved,      29.25 MB ( 43%) committed 
      Class space:        1.00 GB reserved,       4.63 MB ( <1%) committed 
             Both:        1.07 GB reserved,      33.88 MB (  3%) committed 

Chunk freelists:
   Non-Class:  57.00 KB
       Class:  0 bytes
        Both:  57.00 KB

MaxMetaspaceSize: 17179869184.00 GB
CompressedClassSpaceSize: 1.00 GB

CodeHeap 'non-profiled nmethods': size=120000Kb used=1078Kb max_used=1078Kb free=118921Kb
 bounds [0x0000018c66050000, 0x0000018c662c0000, 0x0000018c6d580000]
CodeHeap 'profiled nmethods': size=120000Kb used=5554Kb max_used=5554Kb free=114445Kb
 bounds [0x0000018c5eb20000, 0x0000018c5f090000, 0x0000018c66050000]
CodeHeap 'non-nmethods': size=5760Kb used=1171Kb max_used=1188Kb free=4588Kb
 bounds [0x0000018c5e580000, 0x0000018c5e7f0000, 0x0000018c5eb20000]
 total_blobs=3180 nmethods=2663 adapters=428
 compilation: enabled
              stopped_count=0, restarted_count=0
 full_count=0

Compilation events (20 events):
Event: 5.973 Thread 0x0000018c75cba800 2281       3       org.objectweb.asm.Frame::<init> (10 bytes)
Event: 5.973 Thread 0x0000018c75cba800 nmethod 2281 0x0000018c5efd4010 code [0x0000018c5efd41c0, 0x0000018c5efd4378]
Event: 5.973 Thread 0x0000018c75cba800 2276       3       org.gradle.internal.instantiation.generator.AbstractClassGenerator$InjectionAnnotationValidator::validateMethod (502 bytes)
Event: 5.975 Thread 0x0000018c75cba800 nmethod 2276 0x0000018c5efd4410 code [0x0000018c5efd4c40, 0x0000018c5efd8998]
Event: 5.975 Thread 0x0000018c75cba800 2285       3       org.objectweb.asm.Type::getArgumentsAndReturnSizes (140 bytes)
Event: 5.977 Thread 0x0000018c75cba800 nmethod 2285 0x0000018c5efd9f10 code [0x0000018c5efda320, 0x0000018c5efdc118]
Event: 5.977 Thread 0x0000018c75cba800 2284       3       org.objectweb.asm.SymbolTable$Entry::<init> (17 bytes)
Event: 5.977 Thread 0x0000018c75cba800 nmethod 2284 0x0000018c5efdcc10 code [0x0000018c5efdcdc0, 0x0000018c5efdcf28]
Event: 5.977 Thread 0x0000018c75cba800 2286       3       org.objectweb.asm.Frame::getAbstractTypeFromDescriptor (415 bytes)
Event: 5.978 Thread 0x0000018c75cba800 nmethod 2286 0x0000018c5efdd010 code [0x0000018c5efdd3a0, 0x0000018c5efdee38]
Event: 5.978 Thread 0x0000018c75cba800 2287       1       org.objectweb.asm.MethodWriter::hasAsmInstructions (5 bytes)
Event: 5.978 Thread 0x0000018c75cba800 nmethod 2287 0x0000018c6614d590 code [0x0000018c6614d740, 0x0000018c6614d7f8]
Event: 5.978 Thread 0x0000018c75cba800 2277       3       org.gradle.internal.instantiation.generator.AbstractClassGenerator::assertNotAbstract (61 bytes)
Event: 5.978 Thread 0x0000018c75cba800 nmethod 2277 0x0000018c5efdf710 code [0x0000018c5efdf960, 0x0000018c5efdfe88]
Event: 5.978 Thread 0x0000018c75cba800 2283       1       org.objectweb.asm.SymbolTable::getClassName (5 bytes)
Event: 5.978 Thread 0x0000018c75cba800 nmethod 2283 0x0000018c6614d890 code [0x0000018c6614da40, 0x0000018c6614daf8]
Event: 5.978 Thread 0x0000018c75cba800 2282       1       org.gradle.internal.instantiation.generator.AbstractClassGenerator$PropertyMetadata::getOverridableGetters (5 bytes)
Event: 5.978 Thread 0x0000018c75cba800 nmethod 2282 0x0000018c6614db90 code [0x0000018c6614dd40, 0x0000018c6614ddf8]
Event: 5.978 Thread 0x0000018c75cba800 2278       1       org.gradle.internal.instantiation.generator.AbstractClassGenerator$MethodMetadata::access$700 (5 bytes)
Event: 5.978 Thread 0x0000018c75cba800 nmethod 2278 0x0000018c6614de90 code [0x0000018c6614e040, 0x0000018c6614e0d8]

GC Heap History (8 events):
Event: 2.297 GC heap before
{Heap before GC invocations=0 (full 0):
 garbage-first heap   total 129024K, used 29696K [0x0000000080000000, 0x0000000100000000)
  region size 1024K, 24 young (24576K), 0 survivors (0K)
 Metaspace       used 9788K, capacity 9986K, committed 10112K, reserved 1058816K
  class space    used 1022K, capacity 1102K, committed 1152K, reserved 1048576K
}
Event: 2.302 GC heap after
{Heap after GC invocations=1 (full 0):
 garbage-first heap   total 129024K, used 8902K [0x0000000080000000, 0x0000000100000000)
  region size 1024K, 3 young (3072K), 3 survivors (3072K)
 Metaspace       used 9788K, capacity 9986K, committed 10112K, reserved 1058816K
  class space    used 1022K, capacity 1102K, committed 1152K, reserved 1048576K
}
Event: 5.228 GC heap before
{Heap before GC invocations=1 (full 0):
 garbage-first heap   total 129024K, used 82630K [0x0000000080000000, 0x0000000100000000)
  region size 1024K, 75 young (76800K), 3 survivors (3072K)
 Metaspace       used 17685K, capacity 18086K, committed 18176K, reserved 1064960K
  class space    used 2091K, capacity 2236K, committed 2304K, reserved 1048576K
}
Event: 5.233 GC heap after
{Heap after GC invocations=2 (full 0):
 garbage-first heap   total 129024K, used 15951K [0x0000000080000000, 0x0000000100000000)
  region size 1024K, 10 young (10240K), 10 survivors (10240K)
 Metaspace       used 17685K, capacity 18086K, committed 18176K, reserved 1064960K
  class space    used 2091K, capacity 2236K, committed 2304K, reserved 1048576K
}
Event: 5.405 GC heap before
{Heap before GC invocations=2 (full 0):
 garbage-first heap   total 129024K, used 38479K [0x0000000080000000, 0x0000000100000000)
  region size 1024K, 33 young (33792K), 10 survivors (10240K)
 Metaspace       used 20606K, capacity 21118K, committed 21248K, reserved 1067008K
  class space    used 2519K, capacity 2720K, committed 2816K, reserved 1048576K
}
Event: 5.411 GC heap after
{Heap after GC invocations=3 (full 0):
 garbage-first heap   total 129024K, used 16418K [0x0000000080000000, 0x0000000100000000)
  region size 1024K, 1 young (1024K), 1 survivors (1024K)
 Metaspace       used 20606K, capacity 21118K, committed 21248K, reserved 1067008K
  class space    used 2519K, capacity 2720K, committed 2816K, reserved 1048576K
}
Event: 5.820 GC heap before
{Heap before GC invocations=4 (full 0):
 garbage-first heap   total 129024K, used 67618K [0x0000000080000000, 0x0000000100000000)
  region size 1024K, 51 young (52224K), 1 survivors (1024K)
 Metaspace       used 25855K, capacity 26421K, committed 26752K, reserved 1073152K
  class space    used 3383K, capacity 3599K, committed 3712K, reserved 1048576K
}
Event: 5.823 GC heap after
{Heap after GC invocations=5 (full 0):
 garbage-first heap   total 129024K, used 18086K [0x0000000080000000, 0x0000000100000000)
  region size 1024K, 3 young (3072K), 3 survivors (3072K)
 Metaspace       used 25855K, capacity 26421K, committed 26752K, reserved 1073152K
  class space    used 3383K, capacity 3599K, committed 3712K, reserved 1048576K
}

Deoptimization events (20 events):
Event: 5.755 Thread 0x0000018c77393800 DEOPT PACKING pc=0x0000018c66138530 sp=0x0000001d66cfc150
Event: 5.755 Thread 0x0000018c77393800 DEOPT UNPACKING pc=0x0000018c5e5a78af sp=0x0000001d66cfc0e0 mode 2
Event: 5.780 Thread 0x0000018c77393800 Uncommon trap: trap_request=0xffffffde fr.pc=0x0000018c6613a224 relative=0x00000000000002e4
Event: 5.780 Thread 0x0000018c77393800 Uncommon trap: reason=class_check action=maybe_recompile pc=0x0000018c6613a224 method=java.util.Collections$SetFromMap.remove(Ljava/lang/Object;)Z @ 5 c2
Event: 5.780 Thread 0x0000018c77393800 DEOPT PACKING pc=0x0000018c6613a224 sp=0x0000001d66cfcb60
Event: 5.780 Thread 0x0000018c77393800 DEOPT UNPACKING pc=0x0000018c5e5a78af sp=0x0000001d66cfcb58 mode 2
Event: 5.780 Thread 0x0000018c77393800 Uncommon trap: trap_request=0xffffffde fr.pc=0x0000018c6613a224 relative=0x00000000000002e4
Event: 5.780 Thread 0x0000018c77393800 Uncommon trap: reason=class_check action=maybe_recompile pc=0x0000018c6613a224 method=java.util.Collections$SetFromMap.remove(Ljava/lang/Object;)Z @ 5 c2
Event: 5.780 Thread 0x0000018c77393800 DEOPT PACKING pc=0x0000018c6613a224 sp=0x0000001d66cfcae0
Event: 5.780 Thread 0x0000018c77393800 DEOPT UNPACKING pc=0x0000018c5e5a78af sp=0x0000001d66cfcad8 mode 2
Event: 5.885 Thread 0x0000018c77393800 DEOPT PACKING pc=0x0000018c5ef47055 sp=0x0000001d66cf86e0
Event: 5.885 Thread 0x0000018c77393800 DEOPT UNPACKING pc=0x0000018c5e5a76ce sp=0x0000001d66cf7c00 mode 0
Event: 5.942 Thread 0x0000018c77393800 Uncommon trap: trap_request=0xffffff4d fr.pc=0x0000018c6613bf4c relative=0x000000000000020c
Event: 5.942 Thread 0x0000018c77393800 Uncommon trap: reason=unstable_if action=reinterpret pc=0x0000018c6613bf4c method=java.util.HashMap.hash(Ljava/lang/Object;)I @ 1 c2
Event: 5.942 Thread 0x0000018c77393800 DEOPT PACKING pc=0x0000018c6613bf4c sp=0x0000001d66cf98f0
Event: 5.942 Thread 0x0000018c77393800 DEOPT UNPACKING pc=0x0000018c5e5a78af sp=0x0000001d66cf9828 mode 2
Event: 5.942 Thread 0x0000018c77393800 Uncommon trap: trap_request=0xffffff4d fr.pc=0x0000018c660ff12c relative=0x000000000000008c
Event: 5.942 Thread 0x0000018c77393800 Uncommon trap: reason=unstable_if action=reinterpret pc=0x0000018c660ff12c method=java.util.HashMap.hash(Ljava/lang/Object;)I @ 1 c2
Event: 5.942 Thread 0x0000018c77393800 DEOPT PACKING pc=0x0000018c660ff12c sp=0x0000001d66cf9670
Event: 5.942 Thread 0x0000018c77393800 DEOPT UNPACKING pc=0x0000018c5e5a78af sp=0x0000001d66cf9608 mode 2

Classes redefined (0 events):
No events

Internal exceptions (20 events):
Event: 5.420 Thread 0x0000018c77393800 Exception <a 'java/lang/NoSuchMethodError'{0x0000000087c6f188}: 'void java.lang.invoke.DirectMethodHandle$Holder.invokeStatic(java.lang.Object, java.lang.Object, java.lang.Object, java.lang.Object, java.lang.Object)'> (0x0000000087c6f188) thrown at [./src/hotspot/share/interpreter/linkResolver.cpp, line 773]
Event: 5.459 Thread 0x0000018c77393800 Exception <a 'java/lang/NoSuchMethodError'{0x0000000087718fb8}: 'void java.lang.invoke.DirectMethodHandle$Holder.invokeSpecial(java.lang.Object, java.lang.Object)'> (0x0000000087718fb8) thrown at [./src/hotspot/share/interpreter/linkResolver.cpp, line 773]
Event: 5.480 Thread 0x0000018c77393800 Exception <a 'java/lang/NoSuchMethodError'{0x000000008754b700}: 'java.lang.Object java.lang.invoke.DirectMethodHandle$Holder.invokeSpecial(java.lang.Object, java.lang.Object, java.lang.Object, java.lang.Object, java.lang.Object, java.lang.Object, java.lang.Object, java.lang.Object, java.lang.Object)'> (0x000000008754b700) thrown at [./src/hotspot/share/interpreter/linkResolver.cpp, line 773]
Event: 5.525 Thread 0x0000018c77393800 Exception <a 'java/lang/NoSuchMethodError'{0x0000000086c65218}: 'java.lang.Object java.lang.invoke.DirectMethodHandle$Holder.invokeVirtual(java.lang.Object, java.lang.Object, java.lang.Object, java.lang.Object)'> (0x0000000086c65218) thrown at [./src/hotspot/share/interpreter/linkResolver.cpp, line 773]
Event: 5.538 Thread 0x0000018c77393800 Exception <a 'java/lang/NoSuchMethodError'{0x0000000086904a20}: 'java.lang.Object java.lang.invoke.Invokers$Holder.invoker(java.lang.Object, java.lang.Object, java.lang.Object, java.lang.Object, java.lang.Object)'> (0x0000000086904a20) thrown at [./src/hotspot/share/interpreter/linkResolver.cpp, line 773]
Event: 5.589 Thread 0x0000018c77393800 Exception <a 'java/lang/NoSuchMethodError'{0x00000000864502b0}: 'void java.lang.invoke.DirectMethodHandle$Holder.invokeSpecial(java.lang.Object, java.lang.Object, java.lang.Object, java.lang.Object, java.lang.Object, java.lang.Object)'> (0x00000000864502b0) thrown at [./src/hotspot/share/interpreter/linkResolver.cpp, line 773]
Event: 5.598 Thread 0x0000018c77393800 Exception <a 'java/lang/NoSuchMethodError'{0x00000000864b68b0}: 'void java.lang.invoke.DirectMethodHandle$Holder.invokeSpecial(java.lang.Object, java.lang.Object, java.lang.Object, java.lang.Object, java.lang.Object, java.lang.Object, java.lang.Object)'> (0x00000000864b68b0) thrown at [./src/hotspot/share/interpreter/linkResolver.cpp, line 773]
Event: 5.599 Thread 0x0000018c77393800 Exception <a 'java/lang/NoSuchMethodError'{0x00000000864beaf8}: 'java.lang.Object java.lang.invoke.Invokers$Holder.linkToTargetMethod(java.lang.Object, java.lang.Object, java.lang.Object, java.lang.Object, java.lang.Object, java.lang.Object)'> (0x00000000864beaf8) thrown at [./src/hotspot/share/interpreter/linkResolver.cpp, line 773]
Event: 5.710 Thread 0x0000018c77393800 Exception <a 'java/lang/NoSuchMethodError'{0x00000000857a9600}: 'void java.lang.invoke.DirectMethodHandle$Holder.invokeStaticInit(java.lang.Object, java.lang.Object)'> (0x00000000857a9600) thrown at [./src/hotspot/share/interpreter/linkResolver.cpp, line 773]
Event: 5.775 Thread 0x0000018c77393800 Exception <a 'java/lang/NoSuchMethodError'{0x0000000085021720}: 'void java.lang.invoke.DirectMethodHandle$Holder.invokeStatic(java.lang.Object, java.lang.Object, java.lang.Object, java.lang.Object)'> (0x0000000085021720) thrown at [./src/hotspot/share/interpreter/linkResolver.cpp, line 773]
Event: 5.777 Thread 0x0000018c77393800 Exception <a 'java/lang/NoSuchMethodError'{0x0000000085035160}: 'int java.lang.invoke.DirectMethodHandle$Holder.invokeInterface(java.lang.Object, java.lang.Object)'> (0x0000000085035160) thrown at [./src/hotspot/share/interpreter/linkResolver.cpp, line 773]
Event: 5.864 Thread 0x0000018c77393800 Exception <a 'java/lang/NoSuchMethodError'{0x000000008786e798}: 'java.lang.Object java.lang.invoke.DirectMethodHandle$Holder.invokeSpecialIFC(java.lang.Object, java.lang.Object, java.lang.Object, java.lang.Object)'> (0x000000008786e798) thrown at [./src/hotspot/share/interpreter/linkResolver.cpp, line 773]
Event: 5.870 Thread 0x0000018c77393800 Exception <a 'java/lang/NoSuchMethodError'{0x0000000087770320}: 'java.lang.Object java.lang.invoke.DirectMethodHandle$Holder.invokeSpecial(java.lang.Object, java.lang.Object, java.lang.Object, java.lang.Object, java.lang.Object, java.lang.Object, java.lang.Object, java.lang.Object, java.lang.Object, java.lang.Object, java.lang.Object, java.lang.Object, java.lang.Object)'> (0x0000000087770320) thrown at [./src/hotspot/share/interpreter/linkResolver.cpp, line 773]
Event: 5.871 Thread 0x0000018c77393800 Exception <a 'java/lang/NoSuchMethodError'{0x00000000877825a8}: 'java.lang.Object java.lang.invoke.DirectMethodHandle$Holder.invokeSpecial(java.lang.Object, java.lang.Object, java.lang.Object, java.lang.Object, java.lang.Object, java.lang.Object, java.lang.Object, java.lang.Object, java.lang.Object, java.lang.Object, java.lang.Object, java.lang.Object)'> (0x00000000877825a8) thrown at [./src/hotspot/share/interpreter/linkResolver.cpp, line 773]
Event: 5.871 Thread 0x0000018c77393800 Exception <a 'java/lang/NoSuchMethodError'{0x00000000877876d0}: 'java.lang.Object java.lang.invoke.Invokers$Holder.linkToTargetMethod(java.lang.Object, java.lang.Object, java.lang.Object, java.lang.Object, java.lang.Object, java.lang.Object, java.lang.Object, java.lang.Object, java.lang.Object, java.lang.Object, java.lang.Object)'> (0x00000000877876d0) thrown at [./src/hotspot/share/interpreter/linkResolver.cpp, line 773]
Event: 5.879 Thread 0x0000018c77393800 Exception <a 'java/lang/NoSuchMethodError'{0x00000000876ba8d0}: 'java.lang.Object java.lang.invoke.DirectMethodHandle$Holder.invokeSpecial(java.lang.Object, java.lang.Object, java.lang.Object, java.lang.Object, java.lang.Object, java.lang.Object, java.lang.Object, java.lang.Object, java.lang.Object, java.lang.Object, java.lang.Object, java.lang.Object, java.lang.Object, java.lang.Object)'> (0x00000000876ba8d0) thrown at [./src/hotspot/share/interpreter/linkResolver.cpp, line 773]
Event: 5.880 Thread 0x0000018c77393800 Exception <a 'java/lang/NoSuchMethodError'{0x00000000876cbec8}: 'java.lang.Object java.lang.invoke.Invokers$Holder.linkToTargetMethod(java.lang.Object, java.lang.Object, java.lang.Object, java.lang.Object, java.lang.Object, java.lang.Object, java.lang.Object, java.lang.Object, java.lang.Object, java.lang.Object, java.lang.Object, java.lang.Object)'> (0x00000000876cbec8) thrown at [./src/hotspot/share/interpreter/linkResolver.cpp, line 773]
Event: 5.884 Thread 0x0000018c77393800 Exception <a 'java/lang/NoSuchMethodError'{0x0000000087558fc8}: 'java.lang.Object java.lang.invoke.DirectMethodHandle$Holder.invokeStaticInit(java.lang.Object, java.lang.Object, java.lang.Object, java.lang.Object)'> (0x0000000087558fc8) thrown at [./src/hotspot/share/interpreter/linkResolver.cpp, line 773]
Event: 5.942 Thread 0x0000018c77393800 Implicit null exception at 0x0000018c6613bd75 to 0x0000018c6613bf3c
Event: 5.942 Thread 0x0000018c77393800 Implicit null exception at 0x0000018c660ff0af to 0x0000018c660ff11d

Events (20 events):
Event: 5.969 loading class com/google/common/reflect/Types$WildcardTypeImpl
Event: 5.969 loading class com/google/common/reflect/Types$WildcardTypeImpl done
Event: 5.971 loading class java/lang/SafeVarargs
Event: 5.971 loading class java/lang/SafeVarargs done
Event: 5.976 loading class org/gradle/api/internal/artifacts/DefaultArtifactRepositoryContainer$RepositoryNamer
Event: 5.976 loading class org/gradle/api/internal/artifacts/DefaultArtifactRepositoryContainer$RepositoryNamer done
Event: 5.976 loading class org/gradle/api/internal/collections/ListElementSource
Event: 5.976 loading class org/gradle/api/internal/collections/ListElementSource done
Event: 5.976 loading class org/gradle/api/internal/collections/AbstractIterationOrderRetainingElementSource
Event: 5.976 loading class org/gradle/api/internal/collections/AbstractIterationOrderRetainingElementSource done
Event: 5.978 loading class org/gradle/api/internal/provider/Collector
Event: 5.978 loading class org/gradle/api/internal/provider/Collector done
Event: 5.978 loading class org/gradle/api/internal/collections/ListElementSource$1
Event: 5.978 loading class org/gradle/api/internal/collections/ListElementSource$1 done
Event: 5.983 loading class org/gradle/api/internal/collections/DefaultCollectionEventRegister
Event: 5.983 loading class org/gradle/api/internal/collections/DefaultCollectionEventRegister done
Event: 5.983 loading class org/gradle/api/internal/DefaultDomainObjectCollection$1
Event: 5.983 loading class org/gradle/api/internal/DefaultDomainObjectCollection$1 done
Event: 5.984 loading class groovy/lang/MissingPropertyException
Event: 5.984 loading class groovy/lang/MissingPropertyException done


Dynamic libraries:
0x00007ff696d70000 - 0x00007ff696d7a000 	C:\Program Files\Android\Android Studio\jre\bin\java.exe
0x00007ffe03ba0000 - 0x00007ffe03da9000 	C:\WINDOWS\SYSTEM32\ntdll.dll
0x00007ffe03250000 - 0x00007ffe0330d000 	C:\WINDOWS\System32\KERNEL32.DLL
0x00007ffe01640000 - 0x00007ffe019b9000 	C:\WINDOWS\System32\KERNELBASE.dll
0x00007ffe01200000 - 0x00007ffe01311000 	C:\WINDOWS\System32\ucrtbase.dll
0x00007ffdf7f10000 - 0x00007ffdf7f29000 	C:\Program Files\Android\Android Studio\jre\bin\jli.dll
0x00007ffdefa20000 - 0x00007ffdefa37000 	C:\Program Files\Android\Android Studio\jre\bin\VCRUNTIME140.dll
0x00007ffe02c30000 - 0x00007ffe02ddc000 	C:\WINDOWS\System32\USER32.dll
0x00007ffddd920000 - 0x00007ffdddbc5000 	C:\WINDOWS\WinSxS\amd64_microsoft.windows.common-controls_6595b64144ccf1df_6.0.22000.120_none_9d947278b86cc467\COMCTL32.dll
0x00007ffe01320000 - 0x00007ffe01346000 	C:\WINDOWS\System32\win32u.dll
0x00007ffe03400000 - 0x00007ffe034a3000 	C:\WINDOWS\System32\msvcrt.dll
0x00007ffe035d0000 - 0x00007ffe035f9000 	C:\WINDOWS\System32\GDI32.dll
0x00007ffe01520000 - 0x00007ffe01632000 	C:\WINDOWS\System32\gdi32full.dll
0x00007ffe01480000 - 0x00007ffe0151d000 	C:\WINDOWS\System32\msvcp_win.dll
0x00007ffe01ae0000 - 0x00007ffe01b11000 	C:\WINDOWS\System32\IMM32.DLL
0x00007ffdd5060000 - 0x00007ffdd50fd000 	C:\Program Files\Android\Android Studio\jre\bin\msvcp140.dll
0x00007ffda5a30000 - 0x00007ffda64ff000 	C:\Program Files\Android\Android Studio\jre\bin\server\jvm.dll
0x00007ffe038f0000 - 0x00007ffe0399e000 	C:\WINDOWS\System32\ADVAPI32.dll
0x00007ffe01a40000 - 0x00007ffe01ade000 	C:\WINDOWS\System32\sechost.dll
0x00007ffe034b0000 - 0x00007ffe035d0000 	C:\WINDOWS\System32\RPCRT4.dll
0x00007ffe03750000 - 0x00007ffe03758000 	C:\WINDOWS\System32\PSAPI.DLL
0x00007ffdfc930000 - 0x00007ffdfc939000 	C:\WINDOWS\SYSTEM32\WSOCK32.dll
0x00007ffdfd9a0000 - 0x00007ffdfd9d3000 	C:\WINDOWS\SYSTEM32\WINMM.dll
0x00007ffdfcfa0000 - 0x00007ffdfcfaa000 	C:\WINDOWS\SYSTEM32\VERSION.dll
0x00007ffe01cf0000 - 0x00007ffe01d5f000 	C:\WINDOWS\System32\WS2_32.dll
0x00007ffe00190000 - 0x00007ffe001a8000 	C:\WINDOWS\SYSTEM32\kernel.appcore.dll
0x00007ffdf0ae0000 - 0x00007ffdf0af1000 	C:\Program Files\Android\Android Studio\jre\bin\verify.dll
0x00007ffde8c00000 - 0x00007ffde8e21000 	C:\WINDOWS\SYSTEM32\DBGHELP.DLL
0x00007ffde83b0000 - 0x00007ffde83e1000 	C:\WINDOWS\SYSTEM32\dbgcore.DLL
0x00007ffe019c0000 - 0x00007ffe01a3f000 	C:\WINDOWS\System32\bcryptPrimitives.dll
0x00007ffdef9a0000 - 0x00007ffdef9c9000 	C:\Program Files\Android\Android Studio\jre\bin\java.dll
0x00007ffdfc8c0000 - 0x00007ffdfc8cb000 	C:\Program Files\Android\Android Studio\jre\bin\jimage.dll
0x00007ffdf0ac0000 - 0x00007ffdf0ad8000 	C:\Program Files\Android\Android Studio\jre\bin\zip.dll
0x00007ffe02480000 - 0x00007ffe02c2f000 	C:\WINDOWS\System32\SHELL32.dll
0x00007ffdff200000 - 0x00007ffdffa68000 	C:\WINDOWS\SYSTEM32\windows.storage.dll
0x00007ffe02100000 - 0x00007ffe02478000 	C:\WINDOWS\System32\combase.dll
0x00007ffdff090000 - 0x00007ffdff1f6000 	C:\WINDOWS\SYSTEM32\wintypes.dll
0x00007ffe03310000 - 0x00007ffe033fa000 	C:\WINDOWS\System32\SHCORE.dll
0x00007ffe02080000 - 0x00007ffe020dd000 	C:\WINDOWS\System32\shlwapi.dll
0x00007ffe00fc0000 - 0x00007ffe00fe1000 	C:\WINDOWS\SYSTEM32\profapi.dll
0x00007ffdef980000 - 0x00007ffdef99a000 	C:\Program Files\Android\Android Studio\jre\bin\net.dll
0x00007ffdfd320000 - 0x00007ffdfd42c000 	C:\WINDOWS\SYSTEM32\WINHTTP.dll
0x00007ffe005c0000 - 0x00007ffe00627000 	C:\WINDOWS\system32\mswsock.dll
0x00007ffdeb5d0000 - 0x00007ffdeb5e4000 	C:\Program Files\Android\Android Studio\jre\bin\nio.dll
0x00007ffdefa40000 - 0x00007ffdefa67000 	C:\Users\qteef\.gradle\native\8bec1ad78214c89d9ad589b4d07fe93259594b29d510b10fafb7a158f7737e5d\windows-amd64\native-platform.dll
0x00007ffdd5100000 - 0x00007ffdd523d000 	C:\Users\qteef\.gradle\native\53dbd7edfb1c66fb8903c78663c9afc45aea4f116125fa6feffd364cf09443e8\windows-amd64\native-platform-file-events.dll
0x00007ffdfbcc0000 - 0x00007ffdfbcca000 	C:\Program Files\Android\Android Studio\jre\bin\management.dll
0x00007ffdfa100000 - 0x00007ffdfa10c000 	C:\Program Files\Android\Android Studio\jre\bin\management_ext.dll
0x00007ffe00810000 - 0x00007ffe00828000 	C:\WINDOWS\SYSTEM32\CRYPTSP.dll
0x00007ffe000f0000 - 0x00007ffe00125000 	C:\WINDOWS\system32\rsaenh.dll
0x00007ffe006b0000 - 0x00007ffe006d9000 	C:\WINDOWS\SYSTEM32\USERENV.dll
0x00007ffe00980000 - 0x00007ffe009a7000 	C:\WINDOWS\SYSTEM32\bcrypt.dll
0x00007ffe00800000 - 0x00007ffe0080c000 	C:\WINDOWS\SYSTEM32\CRYPTBASE.dll
0x00007ffdffcc0000 - 0x00007ffdffced000 	C:\WINDOWS\SYSTEM32\IPHLPAPI.DLL
0x00007ffe020e0000 - 0x00007ffe020e9000 	C:\WINDOWS\System32\NSI.dll
0x00007ffdfd650000 - 0x00007ffdfd669000 	C:\WINDOWS\SYSTEM32\dhcpcsvc6.DLL
0x00007ffdfd9e0000 - 0x00007ffdfd9fe000 	C:\WINDOWS\SYSTEM32\dhcpcsvc.DLL
0x00007ffdffcf0000 - 0x00007ffdffdd8000 	C:\WINDOWS\SYSTEM32\DNSAPI.dll

dbghelp: loaded successfully - version: 4.0.5 - missing functions: none
symbol engine: initialized successfully - sym options: 0x614 - pdb path: .;C:\Program Files\Android\Android Studio\jre\bin;C:\WINDOWS\SYSTEM32;C:\WINDOWS\WinSxS\amd64_microsoft.windows.common-controls_6595b64144ccf1df_6.0.22000.120_none_9d947278b86cc467;C:\Program Files\Android\Android Studio\jre\bin\server;C:\Users\qteef\.gradle\native\8bec1ad78214c89d9ad589b4d07fe93259594b29d510b10fafb7a158f7737e5d\windows-amd64;C:\Users\qteef\.gradle\native\53dbd7edfb1c66fb8903c78663c9afc45aea4f116125fa6feffd364cf09443e8\windows-amd64

VM Arguments:
jvm_args: --add-opens=java.base/java.util=ALL-UNNAMED --add-opens=java.base/java.lang=ALL-UNNAMED --add-opens=java.base/java.lang.invoke=ALL-UNNAMED --add-opens=java.base/java.util=ALL-UNNAMED --add-opens=java.prefs/java.util.prefs=ALL-UNNAMED --add-opens=java.prefs/java.util.prefs=ALL-UNNAMED --add-opens=java.base/java.nio.charset=ALL-UNNAMED --add-opens=java.base/java.net=ALL-UNNAMED --add-opens=java.base/java.util.concurrent.atomic=ALL-UNNAMED -Xmx2048m -Dfile.encoding=UTF-8 -Duser.country=US -Duser.language=en -Duser.variant 
java_command: org.gradle.launcher.daemon.bootstrap.GradleDaemon 7.0.2
java_class_path (initial): C:\Users\qteef\.gradle\wrapper\dists\gradle-7.0.2-bin\857tjihv64xamwrf0h14cai3r\gradle-7.0.2\lib\gradle-launcher-7.0.2.jar
Launcher Type: SUN_STANDARD

[Global flags]
     intx CICompilerCount                          = 4                                         {product} {ergonomic}
     uint ConcGCThreads                            = 3                                         {product} {ergonomic}
     uint G1ConcRefinementThreads                  = 10                                        {product} {ergonomic}
   size_t G1HeapRegionSize                         = 1048576                                   {product} {ergonomic}
    uintx GCDrainStackTargetSize                   = 64                                        {product} {ergonomic}
   size_t InitialHeapSize                          = 132120576                                 {product} {ergonomic}
   size_t MarkStackSize                            = 4194304                                   {product} {ergonomic}
   size_t MaxHeapSize                              = 2147483648                                {product} {command line}
   size_t MaxNewSize                               = 1287651328                                {product} {ergonomic}
   size_t MinHeapDeltaBytes                        = 1048576                                   {product} {ergonomic}
    uintx NonNMethodCodeHeapSize                   = 5836300                                {pd product} {ergonomic}
    uintx NonProfiledCodeHeapSize                  = 122910970                              {pd product} {ergonomic}
    uintx ProfiledCodeHeapSize                     = 122910970                              {pd product} {ergonomic}
    uintx ReservedCodeCacheSize                    = 251658240                              {pd product} {ergonomic}
     bool SegmentedCodeCache                       = true                                      {product} {ergonomic}
     bool UseCompressedClassPointers               = true                                 {lp64_product} {ergonomic}
     bool UseCompressedOops                        = true                                 {lp64_product} {ergonomic}
     bool UseG1GC                                  = true                                      {product} {ergonomic}
     bool UseLargePagesIndividualAllocation        = false                                  {pd product} {ergonomic}

Logging:
Log output configuration:
 #0: stdout all=warning uptime,level,tags
 #1: stderr all=off uptime,level,tags

Environment Variables:
PATH=C:\Program Files\Common Files\Oracle\Java\javapath;C:\Program Files\NVIDIA GPU Computing Toolkit\CUDA\v11.4\bin;C:\Program Files\NVIDIA GPU Computing Toolkit\CUDA\v11.4\libnvvp;C:\Windows\system32;C:\Windows;C:\Windows\System32\Wbem;C:\Windows\System32\WindowsPowerShell\v1.0\;C:\Windows\System32\OpenSSH\;C:\Program Files\Git\cmd;C:\Program Files\nodejs\;C:\Program Files\NVIDIA Corporation\Nsight Compute 2021.2.2\;C:\Program Files (x86)\NVIDIA Corporation\PhysX\Common;C:\Program Files\NVIDIA Corporation\NVIDIA NvDLISR;C:\Program Files\Microsoft SQL Server\Client SDK\ODBC\170\Tools\Binn\;C:\Program Files (x86)\Microsoft SQL Server\150\Tools\Binn\;C:\Program Files\Microsoft SQL Server\150\Tools\Binn\;C:\Program Files\Microsoft SQL Server\150\DTS\Binn\;C:\Program Files (x86)\Microsoft SQL Server\150\DTS\Binn\;C:\Program Files\Azure Data Studio\bin;C:\WINDOWS\system32;C:\WINDOWS;C:\WINDOWS\System32\Wbem;C:\WINDOWS\System32\WindowsPowerShell\v1.0\;C:\WINDOWS\System32\OpenSSH\;C:\Program Files\Java\jdk-18.0.1.1\bin;C:\Users\qteef\AppData\Local\Programs\Python\Python39\;C:\Users\qteef\AppData\Local\Microsoft\WindowsApps;C:\Program Files\JetBrains\PyCharm Community Edition 2021.1\bin;;C:\Users\qteef\AppData\Local\Programs\Microsoft VS Code\bin;C:\Users\qteef\AppData\Roaming\npm;C:\Program Files\heroku\bin;C:\Program Files\Azure Data Studio\bin;D:\Setup\flutter_windows_2.10.3-stable\flutter\bin;C:\Users\qteef\AppData\Local\Pub\Cache\bin;D:\Setup\winlibs-x86_64-posix-seh-gcc-11.3.0-llvm-14.0.3-mingw-w64ucrt-10.0.0-r3\mingw64\bin;
USERNAME=qteef
OS=Windows_NT
PROCESSOR_IDENTIFIER=Intel64 Family 6 Model 158 Stepping 10, GenuineIntel



---------------  S Y S T E M  ---------------

OS: Windows 10 , 64 bit Build 22000 (10.0.22000.675)
OS uptime: 0 days 1:34 hours

CPU:total 12 (initial active 12) (6 cores per cpu, 2 threads per core) family 6 model 158 stepping 10 microcode 0xde, cmov, cx8, fxsr, mmx, sse, sse2, sse3, ssse3, sse4.1, sse4.2, popcnt, avx, avx2, aes, clmul, erms, 3dnowpref, lzcnt, ht, tsc, tscinvbit, bmi1, bmi2, adx, fma

Memory: 4k page, system-wide physical 8051M (308M free)
TotalPageFile size 12051M (AvailPageFile size 5M)
current process WorkingSet (physical memory assigned to process): 227M, peak: 227M
current process commit charge ("private bytes"): 295M, peak: 296M

vm_info: OpenJDK 64-Bit Server VM (11.0.10+0-b96-7249189) for windows-amd64 JRE (11.0.10+0-b96-7249189), built on Mar 31 2021 21:44:00 by "builder" with MS VC++ 14.0 (VS2015)

END.
