#
# There is insufficient memory for the Java Runtime Environment to continue.
# Native memory allocation (malloc) failed to allocate 1375856 bytes for Chunk::new
# Possible reasons:
#   The system is out of physical RAM or swap space
#   The process is running with CompressedOops enabled, and the Java Heap may be blocking the growth of the native heap
# Possible solutions:
#   Reduce memory load on the system
#   Increase physical memory or swap space
#   Check if swap backing store is full
#   Decrease Java heap size (-Xmx/-Xms)
#   Decrease number of Java threads
#   Decrease Java thread stack sizes (-Xss)
#   Set larger code cache with -XX:ReservedCodeCacheSize=
#   JVM is running with Unscaled Compressed Oops mode in which the Java heap is
#     placed in the first 4GB address space. The Java Heap base address is the
#     maximum limit for the native heap growth. Please use -XX:HeapBaseMinAddress
#     to set the Java Heap base and to place the Java Heap above 4GB virtual address.
# This output file may be truncated or incomplete.
#
#  Out of Memory Error (./src/hotspot/share/memory/arena.cpp:197), pid=8456, tid=11848
#
# JRE version: OpenJDK Runtime Environment (11.0.10) (build 11.0.10+0-b96-7249189)
# Java VM: OpenJDK 64-Bit Server VM (11.0.10+0-b96-7249189, mixed mode, tiered, compressed oops, g1 gc, windows-amd64)
# No core dump will be written. Minidumps are not enabled by default on client versions of Windows
#

---------------  S U M M A R Y ------------

Command Line: --add-opens=java.base/java.util=ALL-UNNAMED --add-opens=java.base/java.lang=ALL-UNNAMED --add-opens=java.base/java.lang.invoke=ALL-UNNAMED --add-opens=java.base/java.util=ALL-UNNAMED --add-opens=java.prefs/java.util.prefs=ALL-UNNAMED --add-opens=java.prefs/java.util.prefs=ALL-UNNAMED --add-opens=java.base/java.nio.charset=ALL-UNNAMED --add-opens=java.base/java.net=ALL-UNNAMED --add-opens=java.base/java.util.concurrent.atomic=ALL-UNNAMED -Xmx2048m -Dfile.encoding=UTF-8 -Duser.country=US -Duser.language=en -Duser.variant org.gradle.launcher.daemon.bootstrap.GradleDaemon 7.0.2

Host: Intel(R) Core(TM) i7-8750H CPU @ 2.20GHz, 12 cores, 7G,  Windows 10 , 64 bit Build 22000 (10.0.22000.675)
Time: Tue Jun 14 16:31:50 2022 SE Asia Standard Time elapsed time: 11.701694 seconds (0d 0h 0m 11s)

---------------  T H R E A D  ---------------

Current thread (0x000001a4fd231000):  JavaThread "C2 CompilerThread0" daemon [_thread_in_native, id=11848, stack(0x0000009a1e800000,0x0000009a1e900000)]


Current CompileTask:
C2:  11701 6786 %     4       org.gradle.internal.instantiation.generator.AbstractClassGenerator::inspectType @ 77 (560 bytes)

Stack: [0x0000009a1e800000,0x0000009a1e900000]
Native frames: (J=compiled Java code, j=interpreted, Vv=VM code, C=native code)
V  [jvm.dll+0x5ecfaa]
V  [jvm.dll+0x722bd5]
V  [jvm.dll+0x72412d]
V  [jvm.dll+0x7247e3]
V  [jvm.dll+0x242928]
V  [jvm.dll+0xbc4fc]
V  [jvm.dll+0xbca0c]
V  [jvm.dll+0x352d7d]
V  [jvm.dll+0x19800c]
V  [jvm.dll+0x1fb70e]
V  [jvm.dll+0x1fa7f4]
V  [jvm.dll+0x18354c]
V  [jvm.dll+0x208ee7]
V  [jvm.dll+0x207731]
V  [jvm.dll+0x6eb1cf]
V  [jvm.dll+0x6e3d45]
V  [jvm.dll+0x5ebe96]
C  [ucrtbase.dll+0x26c0c]
C  [KERNEL32.DLL+0x154e0]
C  [ntdll.dll+0x485b]


---------------  P R O C E S S  ---------------

Threads class SMR info:
_java_thread_list=0x000001a4923b0980, length=71, elements={
0x000001a4ef970000, 0x000001a4fd20f800, 0x000001a4fd21a800, 0x000001a4fd22b800,
0x000001a4fd22c800, 0x000001a4fd22d800, 0x000001a4fd231000, 0x000001a4fd235000,
0x000001a4fdb85800, 0x000001a4fdcf8000, 0x000001a48f138000, 0x000001a4fe846000,
0x000001a49043a800, 0x000001a48f127000, 0x000001a490273800, 0x000001a48f3ca000,
0x000001a490397000, 0x000001a48f4f5000, 0x000001a49053d800, 0x000001a48f357000,
0x000001a48f356000, 0x000001a48f354800, 0x000001a48f357800, 0x000001a48f353000,
0x000001a48f352000, 0x000001a48f353800, 0x000001a48f358800, 0x000001a48f355000,
0x000001a490a6d800, 0x000001a490a6f000, 0x000001a490a6c000, 0x000001a490a6e800,
0x000001a490a70000, 0x000001a490a6b000, 0x000001a490a73000, 0x000001a490a71800,
0x000001a490a72800, 0x000001a490a74000, 0x000001a490a75800, 0x000001a490a75000,
0x000001a490a71000, 0x000001a490a76800, 0x000001a490a77800, 0x000001a490a78000,
0x000001a490a79000, 0x000001a490c7a000, 0x000001a490c79800, 0x000001a490c77800,
0x000001a490c7b000, 0x000001a490c75800, 0x000001a490c7c000, 0x000001a490c78800,
0x000001a490c76000, 0x000001a490c77000, 0x000001a493ecd800, 0x000001a493ecc800,
0x000001a493ece000, 0x000001a493ed1800, 0x000001a493ed5000, 0x000001a493ed4000,
0x000001a493ecf000, 0x000001a493ed5800, 0x000001a493ed0800, 0x000001a493ed2800,
0x000001a493ed0000, 0x000001a493ed6800, 0x000001a493ed7000, 0x000001a493ed9800,
0x000001a493ed8000, 0x000001a493ed9000, 0x000001a493eda800
}

Java Threads: ( => current thread )
  0x000001a4ef970000 JavaThread "main" [_thread_blocked, id=10548, stack(0x0000009a1dc00000,0x0000009a1dd00000)]
  0x000001a4fd20f800 JavaThread "Reference Handler" daemon [_thread_blocked, id=1740, stack(0x0000009a1e300000,0x0000009a1e400000)]
  0x000001a4fd21a800 JavaThread "Finalizer" daemon [_thread_blocked, id=6528, stack(0x0000009a1e400000,0x0000009a1e500000)]
  0x000001a4fd22b800 JavaThread "Signal Dispatcher" daemon [_thread_blocked, id=10216, stack(0x0000009a1e500000,0x0000009a1e600000)]
  0x000001a4fd22c800 JavaThread "Attach Listener" daemon [_thread_blocked, id=14240, stack(0x0000009a1e600000,0x0000009a1e700000)]
  0x000001a4fd22d800 JavaThread "Service Thread" daemon [_thread_blocked, id=3740, stack(0x0000009a1e700000,0x0000009a1e800000)]
=>0x000001a4fd231000 JavaThread "C2 CompilerThread0" daemon [_thread_in_native, id=11848, stack(0x0000009a1e800000,0x0000009a1e900000)]
  0x000001a4fd235000 JavaThread "C1 CompilerThread0" daemon [_thread_in_native, id=3000, stack(0x0000009a1e900000,0x0000009a1ea00000)]
  0x000001a4fdb85800 JavaThread "Sweeper thread" daemon [_thread_blocked, id=12892, stack(0x0000009a1ea00000,0x0000009a1eb00000)]
  0x000001a4fdcf8000 JavaThread "Common-Cleaner" daemon [_thread_blocked, id=5776, stack(0x0000009a1eb00000,0x0000009a1ec00000)]
  0x000001a48f138000 JavaThread "Daemon health stats" [_thread_blocked, id=7004, stack(0x0000009a1f000000,0x0000009a1f100000)]
  0x000001a4fe846000 JavaThread "Incoming local TCP Connector on port 61970" [_thread_in_native, id=12824, stack(0x0000009a1ed00000,0x0000009a1ee00000)]
  0x000001a49043a800 JavaThread "Daemon periodic checks" [_thread_blocked, id=11132, stack(0x0000009a1f100000,0x0000009a1f200000)]
  0x000001a48f127000 JavaThread "Daemon" [_thread_blocked, id=7404, stack(0x0000009a1f200000,0x0000009a1f300000)]
  0x000001a490273800 JavaThread "Handler for socket connection from /127.0.0.1:61970 to /127.0.0.1:61971" [_thread_in_native, id=8948, stack(0x0000009a1f300000,0x0000009a1f400000)]
  0x000001a48f3ca000 JavaThread "Cancel handler" [_thread_blocked, id=15140, stack(0x0000009a1f400000,0x0000009a1f500000)]
  0x000001a490397000 JavaThread "Daemon worker" [_thread_blocked, id=7560, stack(0x0000009a1f500000,0x0000009a1f600000)]
  0x000001a48f4f5000 JavaThread "Asynchronous log dispatcher for DefaultDaemonConnection: socket connection from /127.0.0.1:61970 to /127.0.0.1:61971" [_thread_blocked, id=3120, stack(0x0000009a1f600000,0x0000009a1f700000)]
  0x000001a49053d800 JavaThread "Stdin handler" [_thread_blocked, id=13276, stack(0x0000009a1f700000,0x0000009a1f800000)]
  0x000001a48f357000 JavaThread "Daemon client event forwarder" [_thread_blocked, id=5272, stack(0x0000009a1f800000,0x0000009a1f900000)]
  0x000001a48f356000 JavaThread "Cache worker for file hash cache (C:\Users\qteef\.gradle\caches\7.0.2\fileHashes)" [_thread_blocked, id=9908, stack(0x0000009a20000000,0x0000009a20100000)]
  0x000001a48f354800 JavaThread "File lock request listener" [_thread_in_native, id=9464, stack(0x0000009a20100000,0x0000009a20200000)]
  0x000001a48f357800 JavaThread "Cache worker for journal cache (C:\Users\qteef\.gradle\caches\journal-1)" [_thread_blocked, id=6292, stack(0x0000009a20400000,0x0000009a20500000)]
  0x000001a48f353000 JavaThread "Cache worker for file hash cache (D:\Code\Android\Learn\MyListView\.gradle\7.0.2\fileHashes)" [_thread_blocked, id=7664, stack(0x0000009a20500000,0x0000009a20600000)]
  0x000001a48f352000 JavaThread "File watcher server" daemon [_thread_in_native, id=8788, stack(0x0000009a20600000,0x0000009a20700000)]
  0x000001a48f353800 JavaThread "File watcher consumer" daemon [_thread_blocked, id=14620, stack(0x0000009a20700000,0x0000009a20800000)]
  0x000001a48f358800 JavaThread "Cache worker for checksums cache (D:\Code\Android\Learn\MyListView\.gradle\checksums)" [_thread_blocked, id=5152, stack(0x0000009a20800000,0x0000009a20900000)]
  0x000001a48f355000 JavaThread "Cache worker for cache directory md-supplier (C:\Users\qteef\.gradle\caches\7.0.2\md-supplier)" [_thread_blocked, id=6108, stack(0x0000009a20900000,0x0000009a20a00000)]
  0x000001a490a6d800 JavaThread "Cache worker for cache directory md-rule (C:\Users\qteef\.gradle\caches\7.0.2\md-rule)" [_thread_blocked, id=5880, stack(0x0000009a20a00000,0x0000009a20b00000)]
  0x000001a490a6f000 JavaThread "Cache worker for execution history cache (C:\Users\qteef\.gradle\caches\7.0.2\executionHistory)" [_thread_in_Java, id=14880, stack(0x0000009a20c00000,0x0000009a20d00000)]
  0x000001a490a6c000 JavaThread "jar transforms" [_thread_blocked, id=12912, stack(0x0000009a20d00000,0x0000009a20e00000)]
  0x000001a490a6e800 JavaThread "jar transforms Thread 2" [_thread_blocked, id=14936, stack(0x0000009a20e00000,0x0000009a20f00000)]
  0x000001a490a70000 JavaThread "Cache worker for file content cache (C:\Users\qteef\.gradle\caches\7.0.2\fileContent)" [_thread_blocked, id=5728, stack(0x0000009a20f00000,0x0000009a21000000)]
  0x000001a490a6b000 JavaThread "Cache worker for dependencies-accessors (D:\Code\Android\Learn\MyListView\.gradle\7.0.2\dependencies-accessors)" [_thread_blocked, id=1260, stack(0x0000009a21000000,0x0000009a21100000)]
  0x000001a490a73000 JavaThread "jar transforms Thread 3" [_thread_blocked, id=9240, stack(0x0000009a21100000,0x0000009a21200000)]
  0x000001a490a71800 JavaThread "Cache worker for Build Output Cleanup Cache (D:\Code\Android\Learn\MyListView\.gradle\buildOutputCleanup)" [_thread_blocked, id=9504, stack(0x0000009a21200000,0x0000009a21300000)]
  0x000001a490a72800 JavaThread "Build operations" [_thread_blocked, id=14132, stack(0x0000009a21300000,0x0000009a21400000)]
  0x000001a490a74000 JavaThread "Build operations Thread 2" [_thread_blocked, id=8236, stack(0x0000009a21400000,0x0000009a21500000)]
  0x000001a490a75800 JavaThread "Build operations Thread 3" [_thread_blocked, id=15276, stack(0x0000009a21500000,0x0000009a21600000)]
  0x000001a490a75000 JavaThread "Build operations Thread 4" [_thread_blocked, id=14552, stack(0x0000009a21600000,0x0000009a21700000)]
  0x000001a490a71000 JavaThread "Build operations Thread 5" [_thread_blocked, id=9516, stack(0x0000009a21700000,0x0000009a21800000)]
  0x000001a490a76800 JavaThread "Build operations Thread 6" [_thread_blocked, id=2672, stack(0x0000009a21800000,0x0000009a21900000)]
  0x000001a490a77800 JavaThread "Build operations Thread 7" [_thread_blocked, id=6016, stack(0x0000009a21900000,0x0000009a21a00000)]
  0x000001a490a78000 JavaThread "Build operations Thread 8" [_thread_blocked, id=10472, stack(0x0000009a21a00000,0x0000009a21b00000)]
  0x000001a490a79000 JavaThread "Build operations Thread 9" [_thread_blocked, id=1452, stack(0x0000009a21b00000,0x0000009a21c00000)]
  0x000001a490c7a000 JavaThread "Build operations Thread 10" [_thread_blocked, id=13100, stack(0x0000009a21c00000,0x0000009a21d00000)]
  0x000001a490c79800 JavaThread "Build operations Thread 11" [_thread_blocked, id=9616, stack(0x0000009a21d00000,0x0000009a21e00000)]
  0x000001a490c77800 JavaThread "Build operations Thread 12" [_thread_blocked, id=11076, stack(0x0000009a21e00000,0x0000009a21f00000)]
  0x000001a490c7b000 JavaThread "jar transforms Thread 4" [_thread_blocked, id=15192, stack(0x0000009a20b00000,0x0000009a20c00000)]
  0x000001a490c75800 JavaThread "jar transforms Thread 5" [_thread_blocked, id=7480, stack(0x0000009a21f00000,0x0000009a22000000)]
  0x000001a490c7c000 JavaThread "jar transforms Thread 6" [_thread_blocked, id=9188, stack(0x0000009a22000000,0x0000009a22100000)]
  0x000001a490c78800 JavaThread "jar transforms Thread 7" [_thread_blocked, id=12640, stack(0x0000009a22100000,0x0000009a22200000)]
  0x000001a490c76000 JavaThread "jar transforms Thread 8" [_thread_blocked, id=10928, stack(0x0000009a22200000,0x0000009a22300000)]
  0x000001a490c77000 JavaThread "jar transforms Thread 9" [_thread_blocked, id=7964, stack(0x0000009a22300000,0x0000009a22400000)]
  0x000001a493ecd800 JavaThread "jar transforms Thread 10" [_thread_blocked, id=10256, stack(0x0000009a22400000,0x0000009a22500000)]
  0x000001a493ecc800 JavaThread "jar transforms Thread 11" [_thread_blocked, id=4524, stack(0x0000009a22500000,0x0000009a22600000)]
  0x000001a493ece000 JavaThread "jar transforms Thread 12" [_thread_blocked, id=15052, stack(0x0000009a22600000,0x0000009a22700000)]
  0x000001a493ed1800 JavaThread "Memory manager" [_thread_blocked, id=10932, stack(0x0000009a22700000,0x0000009a22800000)]
  0x000001a493ed5000 JavaThread "build event listener" [_thread_blocked, id=9976, stack(0x0000009a22800000,0x0000009a22900000)]
  0x000001a493ed4000 JavaThread "Execution worker for ':'" [_thread_blocked, id=2156, stack(0x0000009a22900000,0x0000009a22a00000)]
  0x000001a493ecf000 JavaThread "Execution worker for ':' Thread 2" [_thread_blocked, id=10372, stack(0x0000009a22a00000,0x0000009a22b00000)]
  0x000001a493ed5800 JavaThread "Execution worker for ':' Thread 3" [_thread_blocked, id=6720, stack(0x0000009a22b00000,0x0000009a22c00000)]
  0x000001a493ed0800 JavaThread "Execution worker for ':' Thread 4" [_thread_blocked, id=13836, stack(0x0000009a22c00000,0x0000009a22d00000)]
  0x000001a493ed2800 JavaThread "Execution worker for ':' Thread 5" [_thread_blocked, id=13560, stack(0x0000009a22d00000,0x0000009a22e00000)]
  0x000001a493ed0000 JavaThread "Execution worker for ':' Thread 6" [_thread_blocked, id=10892, stack(0x0000009a22e00000,0x0000009a22f00000)]
  0x000001a493ed6800 JavaThread "Execution worker for ':' Thread 7" [_thread_blocked, id=9900, stack(0x0000009a22f00000,0x0000009a23000000)]
  0x000001a493ed7000 JavaThread "Execution worker for ':' Thread 8" [_thread_blocked, id=11112, stack(0x0000009a23000000,0x0000009a23100000)]
  0x000001a493ed9800 JavaThread "Execution worker for ':' Thread 9" [_thread_blocked, id=11776, stack(0x0000009a23100000,0x0000009a23200000)]
  0x000001a493ed8000 JavaThread "Execution worker for ':' Thread 10" [_thread_blocked, id=1552, stack(0x0000009a23200000,0x0000009a23300000)]
  0x000001a493ed9000 JavaThread "Execution worker for ':' Thread 11" [_thread_blocked, id=12472, stack(0x0000009a23300000,0x0000009a23400000)]
  0x000001a493eda800 JavaThread "Cache worker for execution history cache (D:\Code\Android\Learn\MyListView\.gradle\7.0.2\executionHistory)" [_thread_blocked, id=1264, stack(0x0000009a23400000,0x0000009a23500000)]

Other Threads:
  0x000001a4fd20b800 VMThread "VM Thread" [stack: 0x0000009a1e200000,0x0000009a1e300000] [id=9596]
  0x000001a4fdd27800 WatcherThread [stack: 0x0000009a1ec00000,0x0000009a1ed00000] [id=9148]
  0x000001a4ef98a800 GCTaskThread "GC Thread#0" [stack: 0x0000009a1dd00000,0x0000009a1de00000] [id=5864]
  0x000001a4fe926000 GCTaskThread "GC Thread#1" [stack: 0x0000009a1ee00000,0x0000009a1ef00000] [id=5288]
  0x000001a4fe002000 GCTaskThread "GC Thread#2" [stack: 0x0000009a1ef00000,0x0000009a1f000000] [id=13880]
  0x000001a49022f000 GCTaskThread "GC Thread#3" [stack: 0x0000009a1f900000,0x0000009a1fa00000] [id=9356]
  0x000001a4ff407000 GCTaskThread "GC Thread#4" [stack: 0x0000009a1fa00000,0x0000009a1fb00000] [id=11440]
  0x000001a4ff408000 GCTaskThread "GC Thread#5" [stack: 0x0000009a1fb00000,0x0000009a1fc00000] [id=6884]
  0x000001a4ff408800 GCTaskThread "GC Thread#6" [stack: 0x0000009a1fc00000,0x0000009a1fd00000] [id=15100]
  0x000001a4ff409800 GCTaskThread "GC Thread#7" [stack: 0x0000009a1fd00000,0x0000009a1fe00000] [id=692]
  0x000001a48f98d000 GCTaskThread "GC Thread#8" [stack: 0x0000009a1fe00000,0x0000009a1ff00000] [id=10568]
  0x000001a48f98e000 GCTaskThread "GC Thread#9" [stack: 0x0000009a1ff00000,0x0000009a20000000] [id=10444]
  0x000001a4ef9bc800 ConcurrentGCThread "G1 Main Marker" [stack: 0x0000009a1de00000,0x0000009a1df00000] [id=14540]
  0x000001a4ef9be000 ConcurrentGCThread "G1 Conc#0" [stack: 0x0000009a1df00000,0x0000009a1e000000] [id=2768]
  0x000001a48f948800 ConcurrentGCThread "G1 Conc#1" [stack: 0x0000009a20200000,0x0000009a20300000] [id=13948]
  0x000001a48f7bb000 ConcurrentGCThread "G1 Conc#2" [stack: 0x0000009a20300000,0x0000009a20400000] [id=7612]
  0x000001a4efa4e800 ConcurrentGCThread "G1 Refine#0" [stack: 0x0000009a1e000000,0x0000009a1e100000] [id=12084]
  0x000001a4fd05b800 ConcurrentGCThread "G1 Young RemSet Sampling" [stack: 0x0000009a1e100000,0x0000009a1e200000] [id=10724]

Threads with active compile tasks:
C2 CompilerThread0  11726 6786 %     4       org.gradle.internal.instantiation.generator.AbstractClassGenerator::inspectType @ 77 (560 bytes)
C1 CompilerThread0  11726 7575       2       org.gradle.internal.execution.history.impl.FileSystemSnapshotSerializer::readEntryType (11 bytes)

VM state:not at safepoint (normal execution)

VM Mutex/Monitor currently owned by a thread: None

Heap address: 0x0000000080000000, size: 2048 MB, Compressed Oops mode: 32-bit
Narrow klass base: 0x0000000000000000, Narrow klass shift: 3
Compressed class space size: 1073741824 Address: 0x0000000100000000

Heap:
 garbage-first heap   total 129024K, used 79334K [0x0000000080000000, 0x0000000100000000)
  region size 1024K, 25 young (25600K), 5 survivors (5120K)
 Metaspace       used 78481K, capacity 80842K, committed 81152K, reserved 1122304K
  class space    used 10396K, capacity 11246K, committed 11340K, reserved 1048576K
Heap Regions: E=young(eden), S=young(survivor), O=old, HS=humongous(starts), HC=humongous(continues), CS=collection set, F=free, A=archive, TAMS=top-at-mark-start (previous, next)
|   0|0x0000000080000000, 0x0000000080100000, 0x0000000080100000|100%| O|  |TAMS 0x0000000080100000, 0x0000000080000000| Untracked 
|   1|0x0000000080100000, 0x0000000080200000, 0x0000000080200000|100%| O|  |TAMS 0x0000000080200000, 0x0000000080100000| Untracked 
|   2|0x0000000080200000, 0x0000000080300000, 0x0000000080300000|100%| O|  |TAMS 0x0000000080300000, 0x0000000080200000| Untracked 
|   3|0x0000000080300000, 0x0000000080400000, 0x0000000080400000|100%|HS|  |TAMS 0x0000000080400000, 0x0000000080300000| Complete 
|   4|0x0000000080400000, 0x0000000080500000, 0x0000000080500000|100%|HC|  |TAMS 0x0000000080500000, 0x0000000080400000| Complete 
|   5|0x0000000080500000, 0x0000000080600000, 0x0000000080600000|100%|HC|  |TAMS 0x0000000080600000, 0x0000000080500000| Complete 
|   6|0x0000000080600000, 0x0000000080700000, 0x0000000080700000|100%| O|  |TAMS 0x0000000080700000, 0x0000000080600000| Untracked 
|   7|0x0000000080700000, 0x0000000080800000, 0x0000000080800000|100%| O|  |TAMS 0x0000000080800000, 0x0000000080700000| Untracked 
|   8|0x0000000080800000, 0x0000000080900000, 0x0000000080900000|100%| O|  |TAMS 0x0000000080900000, 0x0000000080800000| Untracked 
|   9|0x0000000080900000, 0x0000000080a00000, 0x0000000080a00000|100%| O|  |TAMS 0x0000000080a00000, 0x0000000080900000| Untracked 
|  10|0x0000000080a00000, 0x0000000080b00000, 0x0000000080b00000|100%| O|  |TAMS 0x0000000080b00000, 0x0000000080a00000| Untracked 
|  11|0x0000000080b00000, 0x0000000080c00000, 0x0000000080c00000|100%| O|  |TAMS 0x0000000080c00000, 0x0000000080b00000| Untracked 
|  12|0x0000000080c00000, 0x0000000080d00000, 0x0000000080d00000|100%| O|  |TAMS 0x0000000080d00000, 0x0000000080c00000| Untracked 
|  13|0x0000000080d00000, 0x0000000080e00000, 0x0000000080e00000|100%| O|  |TAMS 0x0000000080e00000, 0x0000000080d00000| Untracked 
|  14|0x0000000080e00000, 0x0000000080f00000, 0x0000000080f00000|100%| O|  |TAMS 0x0000000080f00000, 0x0000000080e00000| Untracked 
|  15|0x0000000080f00000, 0x0000000081000000, 0x0000000081000000|100%| O|  |TAMS 0x0000000081000000, 0x0000000080f00000| Untracked 
|  16|0x0000000081000000, 0x0000000081100000, 0x0000000081100000|100%|HS|  |TAMS 0x0000000081100000, 0x0000000081000000| Complete 
|  17|0x0000000081100000, 0x0000000081200000, 0x0000000081200000|100%| O|  |TAMS 0x0000000081200000, 0x0000000081100000| Untracked 
|  18|0x0000000081200000, 0x0000000081300000, 0x0000000081300000|100%| O|  |TAMS 0x0000000081300000, 0x0000000081200000| Untracked 
|  19|0x0000000081300000, 0x0000000081400000, 0x0000000081400000|100%| O|  |TAMS 0x0000000081400000, 0x0000000081300000| Untracked 
|  20|0x0000000081400000, 0x0000000081500000, 0x0000000081500000|100%| O|  |TAMS 0x0000000081500000, 0x0000000081400000| Untracked 
|  21|0x0000000081500000, 0x0000000081600000, 0x0000000081600000|100%| O|  |TAMS 0x0000000081600000, 0x0000000081500000| Untracked 
|  22|0x0000000081600000, 0x0000000081700000, 0x0000000081700000|100%| O|  |TAMS 0x0000000081700000, 0x0000000081600000| Untracked 
|  23|0x0000000081700000, 0x0000000081800000, 0x0000000081800000|100%| O|  |TAMS 0x0000000081800000, 0x0000000081700000| Untracked 
|  24|0x0000000081800000, 0x0000000081900000, 0x0000000081900000|100%| O|  |TAMS 0x0000000081900000, 0x0000000081800000| Untracked 
|  25|0x0000000081900000, 0x0000000081a00000, 0x0000000081a00000|100%| O|  |TAMS 0x0000000081a00000, 0x0000000081900000| Untracked 
|  26|0x0000000081a00000, 0x0000000081b00000, 0x0000000081b00000|100%| O|  |TAMS 0x0000000081b00000, 0x0000000081a00000| Untracked 
|  27|0x0000000081b00000, 0x0000000081c00000, 0x0000000081c00000|100%|HS|  |TAMS 0x0000000081c00000, 0x0000000081b00000| Complete 
|  28|0x0000000081c00000, 0x0000000081d00000, 0x0000000081d00000|100%|HS|  |TAMS 0x0000000081d00000, 0x0000000081c00000| Complete 
|  29|0x0000000081d00000, 0x0000000081e00000, 0x0000000081e00000|100%|HC|  |TAMS 0x0000000081e00000, 0x0000000081d00000| Complete 
|  30|0x0000000081e00000, 0x0000000081f00000, 0x0000000081f00000|100%| O|  |TAMS 0x0000000081f00000, 0x0000000081e00000| Untracked 
|  31|0x0000000081f00000, 0x0000000082000000, 0x0000000082000000|100%| O|  |TAMS 0x0000000082000000, 0x0000000081f00000| Untracked 
|  32|0x0000000082000000, 0x0000000082100000, 0x0000000082100000|100%| O|  |TAMS 0x0000000082100000, 0x0000000082000000| Untracked 
|  33|0x0000000082100000, 0x0000000082200000, 0x0000000082200000|100%| O|  |TAMS 0x0000000082200000, 0x0000000082100000| Untracked 
|  34|0x0000000082200000, 0x0000000082300000, 0x0000000082300000|100%| O|  |TAMS 0x0000000082300000, 0x0000000082200000| Untracked 
|  35|0x0000000082300000, 0x0000000082400000, 0x0000000082400000|100%| O|  |TAMS 0x0000000082400000, 0x0000000082300000| Untracked 
|  36|0x0000000082400000, 0x0000000082500000, 0x0000000082500000|100%| O|  |TAMS 0x0000000082500000, 0x0000000082400000| Untracked 
|  37|0x0000000082500000, 0x0000000082600000, 0x0000000082600000|100%| O|  |TAMS 0x0000000082600000, 0x0000000082500000| Untracked 
|  38|0x0000000082600000, 0x0000000082700000, 0x0000000082700000|100%| O|  |TAMS 0x0000000082700000, 0x0000000082600000| Untracked 
|  39|0x0000000082700000, 0x0000000082800000, 0x0000000082800000|100%| O|  |TAMS 0x0000000082800000, 0x0000000082700000| Untracked 
|  40|0x0000000082800000, 0x0000000082900000, 0x0000000082900000|100%| O|  |TAMS 0x0000000082900000, 0x0000000082800000| Untracked 
|  41|0x0000000082900000, 0x0000000082a00000, 0x0000000082a00000|100%| O|  |TAMS 0x0000000082a00000, 0x0000000082900000| Untracked 
|  42|0x0000000082a00000, 0x0000000082b00000, 0x0000000082b00000|100%| O|  |TAMS 0x0000000082a13800, 0x0000000082a00000| Untracked 
|  43|0x0000000082b00000, 0x0000000082c00000, 0x0000000082c00000|100%| O|  |TAMS 0x0000000082b00000, 0x0000000082b00000| Untracked 
|  44|0x0000000082c00000, 0x0000000082d00000, 0x0000000082d00000|100%| O|  |TAMS 0x0000000082c00000, 0x0000000082c00000| Untracked 
|  45|0x0000000082d00000, 0x0000000082e00000, 0x0000000082e00000|100%| O|  |TAMS 0x0000000082d00000, 0x0000000082d00000| Untracked 
|  46|0x0000000082e00000, 0x0000000082f00000, 0x0000000082f00000|100%| O|  |TAMS 0x0000000082e00000, 0x0000000082e00000| Untracked 
|  47|0x0000000082f00000, 0x0000000083000000, 0x0000000083000000|100%| O|  |TAMS 0x0000000082f00000, 0x0000000082f00000| Untracked 
|  48|0x0000000083000000, 0x0000000083100000, 0x0000000083100000|100%| O|  |TAMS 0x0000000083000000, 0x0000000083000000| Untracked 
|  49|0x0000000083100000, 0x0000000083200000, 0x0000000083200000|100%| O|  |TAMS 0x0000000083100000, 0x0000000083100000| Untracked 
|  50|0x0000000083200000, 0x0000000083300000, 0x0000000083300000|100%| O|  |TAMS 0x0000000083200000, 0x0000000083200000| Untracked 
|  51|0x0000000083300000, 0x0000000083400000, 0x0000000083400000|100%| O|  |TAMS 0x0000000083300000, 0x0000000083300000| Untracked 
|  52|0x0000000083400000, 0x0000000083500000, 0x0000000083500000|100%| O|  |TAMS 0x0000000083400000, 0x0000000083400000| Untracked 
|  53|0x0000000083500000, 0x0000000083600000, 0x0000000083600000|100%| O|  |TAMS 0x0000000083500000, 0x0000000083500000| Untracked 
|  54|0x0000000083600000, 0x0000000083679a00, 0x0000000083700000| 47%| O|  |TAMS 0x0000000083600000, 0x0000000083600000| Untracked 
|  55|0x0000000083700000, 0x0000000083700000, 0x0000000083800000|  0%| F|  |TAMS 0x0000000083700000, 0x0000000083700000| Untracked 
|  56|0x0000000083800000, 0x0000000083800000, 0x0000000083900000|  0%| F|  |TAMS 0x0000000083800000, 0x0000000083800000| Untracked 
|  57|0x0000000083900000, 0x0000000083900000, 0x0000000083a00000|  0%| F|  |TAMS 0x0000000083900000, 0x0000000083900000| Untracked 
|  58|0x0000000083a00000, 0x0000000083a00000, 0x0000000083b00000|  0%| F|  |TAMS 0x0000000083a00000, 0x0000000083a00000| Untracked 
|  59|0x0000000083b00000, 0x0000000083b00000, 0x0000000083c00000|  0%| F|  |TAMS 0x0000000083b00000, 0x0000000083b00000| Untracked 
|  60|0x0000000083c00000, 0x0000000083c00000, 0x0000000083d00000|  0%| F|  |TAMS 0x0000000083c00000, 0x0000000083c00000| Untracked 
|  61|0x0000000083d00000, 0x0000000083d00000, 0x0000000083e00000|  0%| F|  |TAMS 0x0000000083d00000, 0x0000000083d00000| Untracked 
|  62|0x0000000083e00000, 0x0000000083e00000, 0x0000000083f00000|  0%| F|  |TAMS 0x0000000083e00000, 0x0000000083e00000| Untracked 
|  63|0x0000000083f00000, 0x0000000083f00000, 0x0000000084000000|  0%| F|  |TAMS 0x0000000083f00000, 0x0000000083f00000| Untracked 
|  64|0x0000000084000000, 0x0000000084000000, 0x0000000084100000|  0%| F|  |TAMS 0x0000000084000000, 0x0000000084000000| Untracked 
|  65|0x0000000084100000, 0x0000000084100000, 0x0000000084200000|  0%| F|  |TAMS 0x0000000084100000, 0x0000000084100000| Untracked 
|  66|0x0000000084200000, 0x0000000084200000, 0x0000000084300000|  0%| F|  |TAMS 0x0000000084200000, 0x0000000084200000| Untracked 
|  67|0x0000000084300000, 0x0000000084300000, 0x0000000084400000|  0%| F|  |TAMS 0x0000000084300000, 0x0000000084300000| Untracked 
|  68|0x0000000084400000, 0x0000000084400000, 0x0000000084500000|  0%| F|  |TAMS 0x0000000084400000, 0x0000000084400000| Untracked 
|  69|0x0000000084500000, 0x0000000084500000, 0x0000000084600000|  0%| F|  |TAMS 0x0000000084500000, 0x0000000084500000| Untracked 
|  70|0x0000000084600000, 0x0000000084600000, 0x0000000084700000|  0%| F|  |TAMS 0x0000000084600000, 0x0000000084600000| Untracked 
|  71|0x0000000084700000, 0x0000000084700000, 0x0000000084800000|  0%| F|  |TAMS 0x0000000084700000, 0x0000000084700000| Untracked 
|  72|0x0000000084800000, 0x0000000084800000, 0x0000000084900000|  0%| F|  |TAMS 0x0000000084800000, 0x0000000084800000| Untracked 
|  73|0x0000000084900000, 0x0000000084900000, 0x0000000084a00000|  0%| F|  |TAMS 0x0000000084900000, 0x0000000084900000| Untracked 
|  74|0x0000000084a00000, 0x0000000084a00000, 0x0000000084b00000|  0%| F|  |TAMS 0x0000000084a00000, 0x0000000084a00000| Untracked 
|  75|0x0000000084b00000, 0x0000000084b00000, 0x0000000084c00000|  0%| F|  |TAMS 0x0000000084b00000, 0x0000000084b00000| Untracked 
|  76|0x0000000084c00000, 0x0000000084d00000, 0x0000000084d00000|100%| S|CS|TAMS 0x0000000084c00000, 0x0000000084c00000| Complete 
|  77|0x0000000084d00000, 0x0000000084e00000, 0x0000000084e00000|100%| S|CS|TAMS 0x0000000084d00000, 0x0000000084d00000| Complete 
|  78|0x0000000084e00000, 0x0000000084e00000, 0x0000000084f00000|  0%| F|  |TAMS 0x0000000084e00000, 0x0000000084e00000| Untracked 
|  79|0x0000000084f00000, 0x0000000084f00000, 0x0000000085000000|  0%| F|  |TAMS 0x0000000084f00000, 0x0000000084f00000| Untracked 
|  80|0x0000000085000000, 0x0000000085000000, 0x0000000085100000|  0%| F|  |TAMS 0x0000000085000000, 0x0000000085000000| Untracked 
|  81|0x0000000085100000, 0x0000000085200000, 0x0000000085200000|100%| S|CS|TAMS 0x0000000085100000, 0x0000000085100000| Complete 
|  82|0x0000000085200000, 0x0000000085300000, 0x0000000085300000|100%| S|CS|TAMS 0x0000000085200000, 0x0000000085200000| Complete 
|  83|0x0000000085300000, 0x0000000085300000, 0x0000000085400000|  0%| F|  |TAMS 0x0000000085300000, 0x0000000085300000| Untracked 
|  84|0x0000000085400000, 0x0000000085400000, 0x0000000085500000|  0%| F|  |TAMS 0x0000000085400000, 0x0000000085400000| Untracked 
|  85|0x0000000085500000, 0x0000000085600000, 0x0000000085600000|100%| S|CS|TAMS 0x0000000085500000, 0x0000000085500000| Complete 
|  86|0x0000000085600000, 0x0000000085600000, 0x0000000085700000|  0%| F|  |TAMS 0x0000000085600000, 0x0000000085600000| Untracked 
|  87|0x0000000085700000, 0x0000000085700000, 0x0000000085800000|  0%| F|  |TAMS 0x0000000085700000, 0x0000000085700000| Untracked 
|  88|0x0000000085800000, 0x0000000085800000, 0x0000000085900000|  0%| F|  |TAMS 0x0000000085800000, 0x0000000085800000| Untracked 
|  89|0x0000000085900000, 0x0000000085900000, 0x0000000085a00000|  0%| F|  |TAMS 0x0000000085900000, 0x0000000085900000| Untracked 
|  90|0x0000000085a00000, 0x0000000085a00000, 0x0000000085b00000|  0%| F|  |TAMS 0x0000000085a00000, 0x0000000085a00000| Untracked 
|  91|0x0000000085b00000, 0x0000000085b00000, 0x0000000085c00000|  0%| F|  |TAMS 0x0000000085b00000, 0x0000000085b00000| Untracked 
|  92|0x0000000085c00000, 0x0000000085c00000, 0x0000000085d00000|  0%| F|  |TAMS 0x0000000085c00000, 0x0000000085c00000| Untracked 
|  93|0x0000000085d00000, 0x0000000085d00000, 0x0000000085e00000|  0%| F|  |TAMS 0x0000000085d00000, 0x0000000085d00000| Untracked 
|  94|0x0000000085e00000, 0x0000000085e00000, 0x0000000085f00000|  0%| F|  |TAMS 0x0000000085e00000, 0x0000000085e00000| Untracked 
|  95|0x0000000085f00000, 0x0000000085f00000, 0x0000000086000000|  0%| F|  |TAMS 0x0000000085f00000, 0x0000000085f00000| Untracked 
|  96|0x0000000086000000, 0x0000000086000000, 0x0000000086100000|  0%| F|  |TAMS 0x0000000086000000, 0x0000000086000000| Untracked 
|  97|0x0000000086100000, 0x0000000086100000, 0x0000000086200000|  0%| F|  |TAMS 0x0000000086100000, 0x0000000086100000| Untracked 
|  98|0x0000000086200000, 0x0000000086200000, 0x0000000086300000|  0%| F|  |TAMS 0x0000000086200000, 0x0000000086200000| Untracked 
|  99|0x0000000086300000, 0x0000000086300000, 0x0000000086400000|  0%| F|  |TAMS 0x0000000086300000, 0x0000000086300000| Untracked 
| 100|0x0000000086400000, 0x0000000086400000, 0x0000000086500000|  0%| F|  |TAMS 0x0000000086400000, 0x0000000086400000| Untracked 
| 101|0x0000000086500000, 0x0000000086500000, 0x0000000086600000|  0%| F|  |TAMS 0x0000000086500000, 0x0000000086500000| Untracked 
| 102|0x0000000086600000, 0x0000000086600000, 0x0000000086700000|  0%| F|  |TAMS 0x0000000086600000, 0x0000000086600000| Untracked 
| 103|0x0000000086700000, 0x0000000086700000, 0x0000000086800000|  0%| F|  |TAMS 0x0000000086700000, 0x0000000086700000| Untracked 
| 104|0x0000000086800000, 0x0000000086800000, 0x0000000086900000|  0%| F|  |TAMS 0x0000000086800000, 0x0000000086800000| Untracked 
| 105|0x0000000086900000, 0x0000000086900000, 0x0000000086a00000|  0%| F|  |TAMS 0x0000000086900000, 0x0000000086900000| Untracked 
| 106|0x0000000086a00000, 0x0000000086a964d0, 0x0000000086b00000| 58%| E|  |TAMS 0x0000000086a00000, 0x0000000086a00000| Complete 
| 107|0x0000000086b00000, 0x0000000086c00000, 0x0000000086c00000|100%| E|CS|TAMS 0x0000000086b00000, 0x0000000086b00000| Complete 
| 108|0x0000000086c00000, 0x0000000086d00000, 0x0000000086d00000|100%| E|CS|TAMS 0x0000000086c00000, 0x0000000086c00000| Complete 
| 109|0x0000000086d00000, 0x0000000086e00000, 0x0000000086e00000|100%| E|  |TAMS 0x0000000086d00000, 0x0000000086d00000| Complete 
| 110|0x0000000086e00000, 0x0000000086f00000, 0x0000000086f00000|100%| E|CS|TAMS 0x0000000086e00000, 0x0000000086e00000| Complete 
| 111|0x0000000086f00000, 0x0000000087000000, 0x0000000087000000|100%| E|CS|TAMS 0x0000000086f00000, 0x0000000086f00000| Complete 
| 112|0x0000000087000000, 0x0000000087100000, 0x0000000087100000|100%| E|CS|TAMS 0x0000000087000000, 0x0000000087000000| Complete 
| 113|0x0000000087100000, 0x0000000087200000, 0x0000000087200000|100%| E|CS|TAMS 0x0000000087100000, 0x0000000087100000| Complete 
| 114|0x0000000087200000, 0x0000000087300000, 0x0000000087300000|100%| E|CS|TAMS 0x0000000087200000, 0x0000000087200000| Complete 
| 115|0x0000000087300000, 0x0000000087400000, 0x0000000087400000|100%| E|CS|TAMS 0x0000000087300000, 0x0000000087300000| Complete 
| 116|0x0000000087400000, 0x0000000087500000, 0x0000000087500000|100%| E|CS|TAMS 0x0000000087400000, 0x0000000087400000| Complete 
| 117|0x0000000087500000, 0x0000000087600000, 0x0000000087600000|100%| E|CS|TAMS 0x0000000087500000, 0x0000000087500000| Complete 
| 118|0x0000000087600000, 0x0000000087700000, 0x0000000087700000|100%| E|CS|TAMS 0x0000000087600000, 0x0000000087600000| Complete 
| 119|0x0000000087700000, 0x0000000087800000, 0x0000000087800000|100%| E|CS|TAMS 0x0000000087700000, 0x0000000087700000| Complete 
| 120|0x0000000087800000, 0x0000000087900000, 0x0000000087900000|100%| E|CS|TAMS 0x0000000087800000, 0x0000000087800000| Complete 
| 121|0x0000000087900000, 0x0000000087a00000, 0x0000000087a00000|100%| E|CS|TAMS 0x0000000087900000, 0x0000000087900000| Complete 
| 122|0x0000000087a00000, 0x0000000087b00000, 0x0000000087b00000|100%| E|CS|TAMS 0x0000000087a00000, 0x0000000087a00000| Complete 
| 123|0x0000000087b00000, 0x0000000087c00000, 0x0000000087c00000|100%| E|CS|TAMS 0x0000000087b00000, 0x0000000087b00000| Complete 
| 124|0x0000000087c00000, 0x0000000087d00000, 0x0000000087d00000|100%| E|CS|TAMS 0x0000000087c00000, 0x0000000087c00000| Complete 
| 125|0x0000000087d00000, 0x0000000087e00000, 0x0000000087e00000|100%| E|CS|TAMS 0x0000000087d00000, 0x0000000087d00000| Complete 

Card table byte_map: [0x000001a4f5d00000,0x000001a4f6100000] _byte_map_base: 0x000001a4f5900000

Marking Bits (Prev, Next): (CMBitMap*) 0x000001a4ef9b3bf0, (CMBitMap*) 0x000001a4ef9b3bb8
 Prev Bits: [0x000001a4f8500000, 0x000001a4fa500000)
 Next Bits: [0x000001a4f6500000, 0x000001a4f8500000)

Polling page: 0x000001a4efa50000

Metaspace:

Usage:
  Non-class:     67.96 MB capacity,    66.49 MB ( 98%) used,     1.24 MB (  2%) free+waste,   236.94 KB ( <1%) overhead. 
      Class:     10.98 MB capacity,    10.15 MB ( 92%) used,   736.87 KB (  7%) free+waste,   112.19 KB ( <1%) overhead. 
       Both:     78.95 MB capacity,    76.65 MB ( 97%) used,     1.96 MB (  2%) free+waste,   349.13 KB ( <1%) overhead. 

Virtual space:
  Non-class space:       72.00 MB reserved,      68.18 MB ( 95%) committed 
      Class space:        1.00 GB reserved,      11.07 MB (  1%) committed 
             Both:        1.07 GB reserved,      79.25 MB (  7%) committed 

Chunk freelists:
   Non-Class:  0 bytes
       Class:  0 bytes
        Both:  0 bytes

MaxMetaspaceSize: 17179869184.00 GB
CompressedClassSpaceSize: 1.00 GB

CodeHeap 'non-profiled nmethods': size=120000Kb used=3578Kb max_used=3578Kb free=116421Kb
 bounds [0x000001a487ad0000, 0x000001a487e50000, 0x000001a48f000000]
CodeHeap 'profiled nmethods': size=120000Kb used=14889Kb max_used=14889Kb free=105110Kb
 bounds [0x000001a4805a0000, 0x000001a481430000, 0x000001a487ad0000]
CodeHeap 'non-nmethods': size=5760Kb used=2273Kb max_used=2307Kb free=3486Kb
 bounds [0x000001a480000000, 0x000001a480270000, 0x000001a4805a0000]
 total_blobs=8357 nmethods=7488 adapters=780
 compilation: enabled
              stopped_count=0, restarted_count=0
 full_count=0

Compilation events (20 events):
Event: 11.699 Thread 0x000001a4fd235000 nmethod 7488 0x000001a487e4b510 code [0x000001a487e4b6c0, 0x000001a487e4b778]
Event: 11.699 Thread 0x000001a4fd235000 7489       1       org.gradle.api.internal.artifacts.ivyservice.modulecache.artifacts.ArtifactAtRepositoryKey::getArtifactId (5 bytes)
Event: 11.699 Thread 0x000001a4fd235000 nmethod 7489 0x000001a487e4b810 code [0x000001a487e4b9c0, 0x000001a487e4ba78]
Event: 11.699 Thread 0x000001a4fd235000 7490       1       org.gradle.api.internal.artifacts.dsl.ArtifactFile::getName (5 bytes)
Event: 11.699 Thread 0x000001a4fd235000 nmethod 7490 0x000001a487e4bb10 code [0x000001a487e4bcc0, 0x000001a487e4bd78]
Event: 11.699 Thread 0x000001a4fd235000 7491       1       org.gradle.api.internal.artifacts.dsl.ArtifactFile::getClassifier (5 bytes)
Event: 11.699 Thread 0x000001a4fd235000 nmethod 7491 0x000001a487e4be10 code [0x000001a487e4bfc0, 0x000001a487e4c078]
Event: 11.699 Thread 0x000001a4fd235000 7492       1       org.gradle.api.internal.artifacts.ivyservice.ivyresolve.CachingModuleComponentRepository::access$1400 (5 bytes)
Event: 11.699 Thread 0x000001a4fd235000 nmethod 7492 0x000001a487e4c110 code [0x000001a487e4c2c0, 0x000001a487e4c358]
Event: 11.699 Thread 0x000001a4fd235000 7493       1       org.gradle.api.internal.artifacts.ivyservice.modulecache.artifacts.DefaultCachedArtifact::getCachedAt (5 bytes)
Event: 11.699 Thread 0x000001a4fd235000 nmethod 7493 0x000001a487e4c410 code [0x000001a487e4c5c0, 0x000001a487e4c678]
Event: 11.699 Thread 0x000001a4fd235000 7494       1       org.gradle.api.internal.artifacts.ivyservice.modulecache.artifacts.DefaultCachedArtifact::getDescriptorHash (5 bytes)
Event: 11.699 Thread 0x000001a4fd235000 nmethod 7494 0x000001a487e4c710 code [0x000001a487e4c8c0, 0x000001a487e4c978]
Event: 11.699 Thread 0x000001a4fd235000 7495       1       org.gradle.api.internal.artifacts.ivyservice.resolutionstrategy.DefaultCachePolicy$AbstractResolutionControl::getCachedResult (5 bytes)
Event: 11.699 Thread 0x000001a4fd235000 nmethod 7495 0x000001a487e4ca10 code [0x000001a487e4cbc0, 0x000001a487e4cc78]
Event: 11.699 Thread 0x000001a4fd235000 7496       1       org.gradle.api.internal.artifacts.ivyservice.resolutionstrategy.DefaultCachePolicy$CachedArtifactResolutionControl::belongsToChangingModule (5 bytes)
Event: 11.699 Thread 0x000001a4fd235000 nmethod 7496 0x000001a487e4cd10 code [0x000001a487e4cec0, 0x000001a487e4cf78]
Event: 11.699 Thread 0x000001a4fd235000 7482       1       org.gradle.api.internal.artifacts.ivyservice.ivyresolve.CachingModuleComponentRepository::access$1300 (5 bytes)
Event: 11.699 Thread 0x000001a4fd235000 nmethod 7482 0x000001a487e4d010 code [0x000001a487e4d1c0, 0x000001a487e4d258]
Event: 11.699 Thread 0x000001a4fd235000 7498       2       org.gradle.internal.snapshot.VfsRelativePath::hasPrefix (114 bytes)

GC Heap History (20 events):
Event: 6.147 GC heap before
{Heap before GC invocations=7 (full 0):
 garbage-first heap   total 129024K, used 86782K [0x0000000080000000, 0x0000000100000000)
  region size 1024K, 66 young (67584K), 6 survivors (6144K)
 Metaspace       used 39405K, capacity 40299K, committed 40524K, reserved 1085440K
  class space    used 5037K, capacity 5389K, committed 5452K, reserved 1048576K
}
Event: 6.152 GC heap after
{Heap after GC invocations=8 (full 0):
 garbage-first heap   total 129024K, used 27306K [0x0000000080000000, 0x0000000100000000)
  region size 1024K, 9 young (9216K), 9 survivors (9216K)
 Metaspace       used 39405K, capacity 40299K, committed 40524K, reserved 1085440K
  class space    used 5037K, capacity 5389K, committed 5452K, reserved 1048576K
}
Event: 6.598 GC heap before
{Heap before GC invocations=8 (full 0):
 garbage-first heap   total 129024K, used 87722K [0x0000000080000000, 0x0000000100000000)
  region size 1024K, 68 young (69632K), 9 survivors (9216K)
 Metaspace       used 44760K, capacity 45906K, committed 46156K, reserved 1089536K
  class space    used 5760K, capacity 6146K, committed 6220K, reserved 1048576K
}
Event: 6.604 GC heap after
{Heap after GC invocations=9 (full 0):
 garbage-first heap   total 129024K, used 29284K [0x0000000080000000, 0x0000000100000000)
  region size 1024K, 3 young (3072K), 3 survivors (3072K)
 Metaspace       used 44760K, capacity 45906K, committed 46156K, reserved 1089536K
  class space    used 5760K, capacity 6146K, committed 6220K, reserved 1048576K
}
Event: 7.747 GC heap before
{Heap before GC invocations=9 (full 0):
 garbage-first heap   total 129024K, used 94820K [0x0000000080000000, 0x0000000100000000)
  region size 1024K, 64 young (65536K), 3 survivors (3072K)
 Metaspace       used 47905K, capacity 49257K, committed 49484K, reserved 1091584K
  class space    used 6135K, capacity 6624K, committed 6732K, reserved 1048576K
}
Event: 7.751 GC heap after
{Heap after GC invocations=10 (full 0):
 garbage-first heap   total 129024K, used 42587K [0x0000000080000000, 0x0000000100000000)
  region size 1024K, 8 young (8192K), 8 survivors (8192K)
 Metaspace       used 47905K, capacity 49257K, committed 49484K, reserved 1091584K
  class space    used 6135K, capacity 6624K, committed 6732K, reserved 1048576K
}
Event: 8.268 GC heap before
{Heap before GC invocations=10 (full 0):
 garbage-first heap   total 129024K, used 94811K [0x0000000080000000, 0x0000000100000000)
  region size 1024K, 59 young (60416K), 8 survivors (8192K)
 Metaspace       used 55669K, capacity 57067K, committed 57292K, reserved 1099776K
  class space    used 7067K, capacity 7583K, committed 7628K, reserved 1048576K
}
Event: 8.273 GC heap after
{Heap after GC invocations=11 (full 0):
 garbage-first heap   total 129024K, used 45132K [0x0000000080000000, 0x0000000100000000)
  region size 1024K, 2 young (2048K), 2 survivors (2048K)
 Metaspace       used 55669K, capacity 57067K, committed 57292K, reserved 1099776K
  class space    used 7067K, capacity 7583K, committed 7628K, reserved 1048576K
}
Event: 8.458 GC heap before
{Heap before GC invocations=11 (full 0):
 garbage-first heap   total 129024K, used 62540K [0x0000000080000000, 0x0000000100000000)
  region size 1024K, 20 young (20480K), 2 survivors (2048K)
 Metaspace       used 58585K, capacity 60072K, committed 60288K, reserved 1101824K
  class space    used 7454K, capacity 8032K, committed 8140K, reserved 1048576K
}
Event: 8.462 GC heap after
{Heap after GC invocations=12 (full 0):
 garbage-first heap   total 129024K, used 46480K [0x0000000080000000, 0x0000000100000000)
  region size 1024K, 4 young (4096K), 4 survivors (4096K)
 Metaspace       used 58585K, capacity 60072K, committed 60288K, reserved 1101824K
  class space    used 7454K, capacity 8032K, committed 8140K, reserved 1048576K
}
Event: 10.176 GC heap before
{Heap before GC invocations=13 (full 0):
 garbage-first heap   total 129024K, used 85392K [0x0000000080000000, 0x0000000100000000)
  region size 1024K, 43 young (44032K), 4 survivors (4096K)
 Metaspace       used 62043K, capacity 63509K, committed 63744K, reserved 1103872K
  class space    used 7883K, capacity 8424K, committed 8524K, reserved 1048576K
}
Event: 10.179 GC heap after
{Heap after GC invocations=14 (full 0):
 garbage-first heap   total 129024K, used 49612K [0x0000000080000000, 0x0000000100000000)
  region size 1024K, 5 young (5120K), 5 survivors (5120K)
 Metaspace       used 62043K, capacity 63509K, committed 63744K, reserved 1103872K
  class space    used 7883K, capacity 8424K, committed 8524K, reserved 1048576K
}
Event: 10.438 GC heap before
{Heap before GC invocations=14 (full 0):
 garbage-first heap   total 129024K, used 90572K [0x0000000080000000, 0x0000000100000000)
  region size 1024K, 45 young (46080K), 5 survivors (5120K)
 Metaspace       used 64169K, capacity 65757K, committed 66048K, reserved 1105920K
  class space    used 8179K, capacity 8761K, committed 8780K, reserved 1048576K
}
Event: 10.442 GC heap after
{Heap after GC invocations=15 (full 0):
 garbage-first heap   total 129024K, used 53776K [0x0000000080000000, 0x0000000100000000)
  region size 1024K, 5 young (5120K), 5 survivors (5120K)
 Metaspace       used 64169K, capacity 65757K, committed 66048K, reserved 1105920K
  class space    used 8179K, capacity 8761K, committed 8780K, reserved 1048576K
}
Event: 10.801 GC heap before
{Heap before GC invocations=15 (full 0):
 garbage-first heap   total 129024K, used 93712K [0x0000000080000000, 0x0000000100000000)
  region size 1024K, 44 young (45056K), 5 survivors (5120K)
 Metaspace       used 68793K, capacity 70363K, committed 70400K, reserved 1110016K
  class space    used 8927K, capacity 9538K, committed 9548K, reserved 1048576K
}
Event: 10.804 GC heap after
{Heap after GC invocations=16 (full 0):
 garbage-first heap   total 129024K, used 56217K [0x0000000080000000, 0x0000000100000000)
  region size 1024K, 3 young (3072K), 3 survivors (3072K)
 Metaspace       used 68793K, capacity 70363K, committed 70400K, reserved 1110016K
  class space    used 8927K, capacity 9538K, committed 9548K, reserved 1048576K
}
Event: 11.164 GC heap before
{Heap before GC invocations=16 (full 0):
 garbage-first heap   total 129024K, used 97177K [0x0000000080000000, 0x0000000100000000)
  region size 1024K, 43 young (44032K), 3 survivors (3072K)
 Metaspace       used 73763K, capacity 75485K, committed 75776K, reserved 1114112K
  class space    used 9646K, capacity 10273K, committed 10316K, reserved 1048576K
}
Event: 11.167 GC heap after
{Heap after GC invocations=17 (full 0):
 garbage-first heap   total 129024K, used 58327K [0x0000000080000000, 0x0000000100000000)
  region size 1024K, 5 young (5120K), 5 survivors (5120K)
 Metaspace       used 73763K, capacity 75485K, committed 75776K, reserved 1114112K
  class space    used 9646K, capacity 10273K, committed 10316K, reserved 1048576K
}
Event: 11.531 GC heap before
{Heap before GC invocations=17 (full 0):
 garbage-first heap   total 129024K, used 99287K [0x0000000080000000, 0x0000000100000000)
  region size 1024K, 45 young (46080K), 5 survivors (5120K)
 Metaspace       used 77266K, capacity 79229K, committed 79488K, reserved 1118208K
  class space    used 10164K, capacity 10883K, committed 10956K, reserved 1048576K
}
Event: 11.535 GC heap after
{Heap after GC invocations=18 (full 0):
 garbage-first heap   total 129024K, used 60902K [0x0000000080000000, 0x0000000100000000)
  region size 1024K, 5 young (5120K), 5 survivors (5120K)
 Metaspace       used 77266K, capacity 79229K, committed 79488K, reserved 1118208K
  class space    used 10164K, capacity 10883K, committed 10956K, reserved 1048576K
}

Deoptimization events (20 events):
Event: 11.496 Thread 0x000001a493eda800 Uncommon trap: trap_request=0xffffffc6 fr.pc=0x000001a487d881b8 relative=0x0000000000005c18
Event: 11.496 Thread 0x000001a493eda800 Uncommon trap: reason=bimorphic_or_optimized_type_check action=maybe_recompile pc=0x000001a487d881b8 method=java.util.Arrays.binarySearch0([Ljava/lang/Object;IILjava/lang/Object;Ljava/util/Comparator;)I @ 48 c2
Event: 11.496 Thread 0x000001a493eda800 DEOPT PACKING pc=0x000001a487d881b8 sp=0x0000009a234fdd30
Event: 11.496 Thread 0x000001a493eda800 DEOPT UNPACKING pc=0x000001a4800278af sp=0x0000009a234fddb0 mode 2
Event: 11.496 Thread 0x000001a493eda800 Uncommon trap: trap_request=0xffffffc6 fr.pc=0x000001a487d881b8 relative=0x0000000000005c18
Event: 11.496 Thread 0x000001a493eda800 Uncommon trap: reason=bimorphic_or_optimized_type_check action=maybe_recompile pc=0x000001a487d881b8 method=java.util.Arrays.binarySearch0([Ljava/lang/Object;IILjava/lang/Object;Ljava/util/Comparator;)I @ 48 c2
Event: 11.496 Thread 0x000001a493eda800 DEOPT PACKING pc=0x000001a487d881b8 sp=0x0000009a234fdd30
Event: 11.496 Thread 0x000001a493eda800 DEOPT UNPACKING pc=0x000001a4800278af sp=0x0000009a234fddb0 mode 2
Event: 11.496 Thread 0x000001a493eda800 Uncommon trap: trap_request=0xffffffc6 fr.pc=0x000001a487d881b8 relative=0x0000000000005c18
Event: 11.496 Thread 0x000001a493eda800 Uncommon trap: reason=bimorphic_or_optimized_type_check action=maybe_recompile pc=0x000001a487d881b8 method=java.util.Arrays.binarySearch0([Ljava/lang/Object;IILjava/lang/Object;Ljava/util/Comparator;)I @ 48 c2
Event: 11.496 Thread 0x000001a493eda800 DEOPT PACKING pc=0x000001a487d881b8 sp=0x0000009a234fdd30
Event: 11.496 Thread 0x000001a493eda800 DEOPT UNPACKING pc=0x000001a4800278af sp=0x0000009a234fddb0 mode 2
Event: 11.650 Thread 0x000001a490397000 Uncommon trap: trap_request=0xffffff4d fr.pc=0x000001a487cebdf8 relative=0x0000000000000c38
Event: 11.650 Thread 0x000001a490397000 Uncommon trap: reason=unstable_if action=reinterpret pc=0x000001a487cebdf8 method=com.esotericsoftware.kryo.io.Input.readString()Ljava/lang/String; @ 38 c2
Event: 11.650 Thread 0x000001a490397000 DEOPT PACKING pc=0x000001a487cebdf8 sp=0x0000009a1f5f74b0
Event: 11.650 Thread 0x000001a490397000 DEOPT UNPACKING pc=0x000001a4800278af sp=0x0000009a1f5f7418 mode 2
Event: 11.699 Thread 0x000001a490c77800 Uncommon trap: trap_request=0xffffff4d fr.pc=0x000001a487d3237c relative=0x00000000000006dc
Event: 11.699 Thread 0x000001a490c77800 Uncommon trap: reason=unstable_if action=reinterpret pc=0x000001a487d3237c method=org.gradle.internal.snapshot.VfsRelativePath.hasPrefix(Ljava/lang/String;Lorg/gradle/internal/snapshot/CaseSensitivity;)Z @ 90 c2
Event: 11.699 Thread 0x000001a490c77800 DEOPT PACKING pc=0x000001a487d3237c sp=0x0000009a21efd070
Event: 11.699 Thread 0x000001a490c77800 DEOPT UNPACKING pc=0x000001a4800278af sp=0x0000009a21efcff8 mode 2

Classes redefined (0 events):
No events

Internal exceptions (20 events):
Event: 10.994 Thread 0x000001a490397000 Exception <a 'java/lang/NullPointerException'{0x00000000865a98d8}> (0x00000000865a98d8) thrown at [./src/hotspot/share/interpreter/linkResolver.cpp, line 1440]
Event: 11.131 Thread 0x000001a490397000 Exception <a 'java/lang/NoSuchMethodError'{0x000000008553ab80}: 'int java.lang.invoke.DirectMethodHandle$Holder.invokeStatic(java.lang.Object, java.lang.Object, int, java.lang.Object)'> (0x000000008553ab80) thrown at [./src/hotspot/share/interpreter/linkResolver.cpp, line 773]
Event: 11.132 Thread 0x000001a490397000 Exception <a 'java/lang/NoSuchMethodError'{0x0000000085541a28}: 'java.lang.Object java.lang.invoke.Invokers$Holder.linkToTargetMethod(java.lang.Object, int, java.lang.Object)'> (0x0000000085541a28) thrown at [./src/hotspot/share/interpreter/linkResolver.cpp, line 773]
Event: 11.175 Thread 0x000001a490397000 Exception <a 'sun/nio/fs/WindowsException'{0x0000000087d6c9b0}> (0x0000000087d6c9b0) thrown at [./src/hotspot/share/prims/jni.cpp, line 615]
Event: 11.175 Thread 0x000001a490397000 Exception <a 'sun/nio/fs/WindowsException'{0x0000000087d6da80}> (0x0000000087d6da80) thrown at [./src/hotspot/share/prims/jni.cpp, line 615]
Event: 11.175 Thread 0x000001a490397000 Exception <a 'sun/nio/fs/WindowsException'{0x0000000087d6eba0}> (0x0000000087d6eba0) thrown at [./src/hotspot/share/prims/jni.cpp, line 615]
Event: 11.175 Thread 0x000001a490397000 Exception <a 'sun/nio/fs/WindowsException'{0x0000000087d6fcc0}> (0x0000000087d6fcc0) thrown at [./src/hotspot/share/prims/jni.cpp, line 615]
Event: 11.344 Thread 0x000001a490397000 Exception <a 'java/lang/NoSuchMethodError'{0x0000000086b9cd78}: 'java.lang.Object java.lang.invoke.Invokers$Holder.linkToTargetMethod(java.lang.Object, int, int, java.lang.Object)'> (0x0000000086b9cd78) thrown at [./src/hotspot/share/interpreter/linkResolver.cpp, line 773]
Event: 11.455 Thread 0x000001a48f357000 Exception <a 'java/lang/NoSuchMethodError'{0x0000000085e88a40}: <clinit>> (0x0000000085e88a40) thrown at [./src/hotspot/share/prims/jni.cpp, line 1362]
Event: 11.456 Thread 0x000001a48f357000 Exception <a 'java/lang/NoSuchMethodError'{0x0000000085e943a0}: <clinit>> (0x0000000085e943a0) thrown at [./src/hotspot/share/prims/jni.cpp, line 1362]
Event: 11.457 Thread 0x000001a48f357000 Exception <a 'java/lang/NoSuchMethodError'{0x0000000085ea1118}: <clinit>> (0x0000000085ea1118) thrown at [./src/hotspot/share/prims/jni.cpp, line 1362]
Event: 11.458 Thread 0x000001a48f357000 Exception <a 'java/lang/NoSuchMethodError'{0x0000000085ed7298}: <clinit>> (0x0000000085ed7298) thrown at [./src/hotspot/share/prims/jni.cpp, line 1362]
Event: 11.458 Thread 0x000001a48f357000 Exception <a 'java/lang/NoSuchMethodError'{0x0000000085ee4228}: <clinit>> (0x0000000085ee4228) thrown at [./src/hotspot/share/prims/jni.cpp, line 1362]
Event: 11.469 Thread 0x000001a493ed5000 Exception <a 'java/lang/NoSuchMethodError'{0x0000000085b28340}: <clinit>> (0x0000000085b28340) thrown at [./src/hotspot/share/prims/jni.cpp, line 1362]
Event: 11.470 Thread 0x000001a493ed5000 Exception <a 'java/lang/NoSuchMethodError'{0x0000000085b3c740}: <clinit>> (0x0000000085b3c740) thrown at [./src/hotspot/share/prims/jni.cpp, line 1362]
Event: 11.471 Thread 0x000001a493ed5000 Exception <a 'java/lang/NoSuchMethodError'{0x0000000085bd5c18}: <clinit>> (0x0000000085bd5c18) thrown at [./src/hotspot/share/prims/jni.cpp, line 1362]
Event: 11.488 Thread 0x000001a48f357000 Exception <a 'java/lang/NoSuchMethodError'{0x00000000859ad338}: <clinit>> (0x00000000859ad338) thrown at [./src/hotspot/share/prims/jni.cpp, line 1362]
Event: 11.507 Thread 0x000001a490397000 Exception <a 'java/lang/NoSuchMethodError'{0x000000008588f3c8}: 'java.lang.Object java.lang.invoke.Invokers$Holder.linkToTargetMethod(java.lang.Object, java.lang.Object, java.lang.Object, int, java.lang.Object, java.lang.Object)'> (0x000000008588f3c8) thrown at [./src/hotspot/share/interpreter/linkResolver.cpp, line 773]
Event: 11.513 Thread 0x000001a490397000 Exception <a 'java/lang/IncompatibleClassChangeError'{0x00000000858f7870}: Found class java.lang.Object, but interface was expected> (0x00000000858f7870) thrown at [./src/hotspot/share/interpreter/linkResolver.cpp, line 839]
Event: 11.530 Thread 0x000001a490397000 Exception <a 'java/lang/NoSuchMethodError'{0x00000000856e2770}: 'int java.lang.invoke.DirectMethodHandle$Holder.invokeStaticInit(java.lang.Object, java.lang.Object, java.lang.Object, java.lang.Object, java.lang.Object)'> (0x00000000856e2770) thrown at [./src/hotspot/share/interpreter/linkResolver.cpp, line 773]

Events (20 events):
Event: 11.698 loading class org/gradle/api/internal/artifacts/transform/TransformationStep
Event: 11.698 loading class org/gradle/api/internal/artifacts/transform/TransformationStep done
Event: 11.698 loading class org/gradle/api/internal/artifacts/transform/TransformationStep
Event: 11.698 loading class org/gradle/api/internal/artifacts/transform/TransformationStep done
Event: 11.698 loading class org/gradle/api/internal/artifacts/transform/TransformationStep
Event: 11.698 loading class org/gradle/api/internal/artifacts/transform/TransformationStep done
Event: 11.698 loading class org/gradle/api/internal/artifacts/transform/TransformationStep
Event: 11.698 loading class org/gradle/api/internal/artifacts/transform/TransformationStep done
Event: 11.698 loading class org/gradle/api/internal/artifacts/transform/TransformationStep
Event: 11.698 loading class org/gradle/api/internal/artifacts/transform/TransformationStep done
Event: 11.698 loading class org/gradle/api/internal/artifacts/transform/TransformationStep
Event: 11.698 loading class org/gradle/api/internal/artifacts/transform/TransformationStep done
Event: 11.698 loading class org/gradle/api/internal/artifacts/transform/TransformationStep
Event: 11.698 loading class org/gradle/api/internal/artifacts/transform/TransformationStep done
Event: 11.698 loading class org/gradle/api/internal/artifacts/transform/TransformationStep
Event: 11.698 loading class org/gradle/api/internal/artifacts/transform/TransformationStep done
Event: 11.699 loading class org/gradle/api/internal/artifacts/transform/DefaultTransformerInvocationFactory$ImmutableTransformationWorkspaceIdentity
Event: 11.699 loading class org/gradle/api/internal/artifacts/transform/DefaultTransformerInvocationFactory$ImmutableTransformationWorkspaceIdentity done
Event: 11.700 loading class org/gradle/api/internal/artifacts/transform/DefaultTransformerInvocationFactory$TransformerExecution
Event: 11.700 loading class org/gradle/api/internal/artifacts/transform/DefaultTransformerInvocationFactory$TransformerExecution done


Dynamic libraries:
0x00007ff696d70000 - 0x00007ff696d7a000 	C:\Program Files\Android\Android Studio\jre\bin\java.exe
0x00007ffe03ba0000 - 0x00007ffe03da9000 	C:\WINDOWS\SYSTEM32\ntdll.dll
0x00007ffe03250000 - 0x00007ffe0330d000 	C:\WINDOWS\System32\KERNEL32.DLL
0x00007ffe01640000 - 0x00007ffe019b9000 	C:\WINDOWS\System32\KERNELBASE.dll
0x00007ffe01200000 - 0x00007ffe01311000 	C:\WINDOWS\System32\ucrtbase.dll
0x00007ffdf7f10000 - 0x00007ffdf7f29000 	C:\Program Files\Android\Android Studio\jre\bin\jli.dll
0x00007ffdefa20000 - 0x00007ffdefa37000 	C:\Program Files\Android\Android Studio\jre\bin\VCRUNTIME140.dll
0x00007ffe02c30000 - 0x00007ffe02ddc000 	C:\WINDOWS\System32\USER32.dll
0x00007ffddd920000 - 0x00007ffdddbc5000 	C:\WINDOWS\WinSxS\amd64_microsoft.windows.common-controls_6595b64144ccf1df_6.0.22000.120_none_9d947278b86cc467\COMCTL32.dll
0x00007ffe01320000 - 0x00007ffe01346000 	C:\WINDOWS\System32\win32u.dll
0x00007ffe03400000 - 0x00007ffe034a3000 	C:\WINDOWS\System32\msvcrt.dll
0x00007ffe035d0000 - 0x00007ffe035f9000 	C:\WINDOWS\System32\GDI32.dll
0x00007ffe01520000 - 0x00007ffe01632000 	C:\WINDOWS\System32\gdi32full.dll
0x00007ffe01480000 - 0x00007ffe0151d000 	C:\WINDOWS\System32\msvcp_win.dll
0x00007ffe01ae0000 - 0x00007ffe01b11000 	C:\WINDOWS\System32\IMM32.DLL
0x00007ffdac830000 - 0x00007ffdac8cd000 	C:\Program Files\Android\Android Studio\jre\bin\msvcp140.dll
0x00007ffda5a30000 - 0x00007ffda64ff000 	C:\Program Files\Android\Android Studio\jre\bin\server\jvm.dll
0x00007ffe038f0000 - 0x00007ffe0399e000 	C:\WINDOWS\System32\ADVAPI32.dll
0x00007ffe01a40000 - 0x00007ffe01ade000 	C:\WINDOWS\System32\sechost.dll
0x00007ffe034b0000 - 0x00007ffe035d0000 	C:\WINDOWS\System32\RPCRT4.dll
0x00007ffe03750000 - 0x00007ffe03758000 	C:\WINDOWS\System32\PSAPI.DLL
0x00007ffdfd9a0000 - 0x00007ffdfd9d3000 	C:\WINDOWS\SYSTEM32\WINMM.dll
0x00007ffdfc930000 - 0x00007ffdfc939000 	C:\WINDOWS\SYSTEM32\WSOCK32.dll
0x00007ffdfcfa0000 - 0x00007ffdfcfaa000 	C:\WINDOWS\SYSTEM32\VERSION.dll
0x00007ffe01cf0000 - 0x00007ffe01d5f000 	C:\WINDOWS\System32\WS2_32.dll
0x00007ffe00190000 - 0x00007ffe001a8000 	C:\WINDOWS\SYSTEM32\kernel.appcore.dll
0x00007ffdf0ae0000 - 0x00007ffdf0af1000 	C:\Program Files\Android\Android Studio\jre\bin\verify.dll
0x00007ffde8c00000 - 0x00007ffde8e21000 	C:\WINDOWS\SYSTEM32\DBGHELP.DLL
0x00007ffde83b0000 - 0x00007ffde83e1000 	C:\WINDOWS\SYSTEM32\dbgcore.DLL
0x00007ffe019c0000 - 0x00007ffe01a3f000 	C:\WINDOWS\System32\bcryptPrimitives.dll
0x00007ffdef9a0000 - 0x00007ffdef9c9000 	C:\Program Files\Android\Android Studio\jre\bin\java.dll
0x00007ffdfc8c0000 - 0x00007ffdfc8cb000 	C:\Program Files\Android\Android Studio\jre\bin\jimage.dll
0x00007ffdf0ac0000 - 0x00007ffdf0ad8000 	C:\Program Files\Android\Android Studio\jre\bin\zip.dll
0x00007ffe02480000 - 0x00007ffe02c2f000 	C:\WINDOWS\System32\SHELL32.dll
0x00007ffdff200000 - 0x00007ffdffa68000 	C:\WINDOWS\SYSTEM32\windows.storage.dll
0x00007ffe02100000 - 0x00007ffe02478000 	C:\WINDOWS\System32\combase.dll
0x00007ffdff090000 - 0x00007ffdff1f6000 	C:\WINDOWS\SYSTEM32\wintypes.dll
0x00007ffe03310000 - 0x00007ffe033fa000 	C:\WINDOWS\System32\SHCORE.dll
0x00007ffe02080000 - 0x00007ffe020dd000 	C:\WINDOWS\System32\shlwapi.dll
0x00007ffe00fc0000 - 0x00007ffe00fe1000 	C:\WINDOWS\SYSTEM32\profapi.dll
0x00007ffdef980000 - 0x00007ffdef99a000 	C:\Program Files\Android\Android Studio\jre\bin\net.dll
0x00007ffdfd320000 - 0x00007ffdfd42c000 	C:\WINDOWS\SYSTEM32\WINHTTP.dll
0x00007ffe005c0000 - 0x00007ffe00627000 	C:\WINDOWS\system32\mswsock.dll
0x00007ffdeb5d0000 - 0x00007ffdeb5e4000 	C:\Program Files\Android\Android Studio\jre\bin\nio.dll
0x00007ffdefa40000 - 0x00007ffdefa67000 	C:\Users\qteef\.gradle\native\8bec1ad78214c89d9ad589b4d07fe93259594b29d510b10fafb7a158f7737e5d\windows-amd64\native-platform.dll
0x00007ffdd5100000 - 0x00007ffdd523d000 	C:\Users\qteef\.gradle\native\53dbd7edfb1c66fb8903c78663c9afc45aea4f116125fa6feffd364cf09443e8\windows-amd64\native-platform-file-events.dll
0x00007ffdfbcc0000 - 0x00007ffdfbcca000 	C:\Program Files\Android\Android Studio\jre\bin\management.dll
0x00007ffdfa100000 - 0x00007ffdfa10c000 	C:\Program Files\Android\Android Studio\jre\bin\management_ext.dll
0x00007ffe00810000 - 0x00007ffe00828000 	C:\WINDOWS\SYSTEM32\CRYPTSP.dll
0x00007ffe000f0000 - 0x00007ffe00125000 	C:\WINDOWS\system32\rsaenh.dll
0x00007ffe006b0000 - 0x00007ffe006d9000 	C:\WINDOWS\SYSTEM32\USERENV.dll
0x00007ffe00980000 - 0x00007ffe009a7000 	C:\WINDOWS\SYSTEM32\bcrypt.dll
0x00007ffe00800000 - 0x00007ffe0080c000 	C:\WINDOWS\SYSTEM32\CRYPTBASE.dll
0x00007ffdffcc0000 - 0x00007ffdffced000 	C:\WINDOWS\SYSTEM32\IPHLPAPI.DLL
0x00007ffe020e0000 - 0x00007ffe020e9000 	C:\WINDOWS\System32\NSI.dll
0x00007ffdfd650000 - 0x00007ffdfd669000 	C:\WINDOWS\SYSTEM32\dhcpcsvc6.DLL
0x00007ffdfd9e0000 - 0x00007ffdfd9fe000 	C:\WINDOWS\SYSTEM32\dhcpcsvc.DLL
0x00007ffdffcf0000 - 0x00007ffdffdd8000 	C:\WINDOWS\SYSTEM32\DNSAPI.dll

dbghelp: loaded successfully - version: 4.0.5 - missing functions: none
symbol engine: initialized successfully - sym options: 0x614 - pdb path: .;C:\Program Files\Android\Android Studio\jre\bin;C:\WINDOWS\SYSTEM32;C:\WINDOWS\WinSxS\amd64_microsoft.windows.common-controls_6595b64144ccf1df_6.0.22000.120_none_9d947278b86cc467;C:\Program Files\Android\Android Studio\jre\bin\server;C:\Users\qteef\.gradle\native\8bec1ad78214c89d9ad589b4d07fe93259594b29d510b10fafb7a158f7737e5d\windows-amd64;C:\Users\qteef\.gradle\native\53dbd7edfb1c66fb8903c78663c9afc45aea4f116125fa6feffd364cf09443e8\windows-amd64

VM Arguments:
jvm_args: --add-opens=java.base/java.util=ALL-UNNAMED --add-opens=java.base/java.lang=ALL-UNNAMED --add-opens=java.base/java.lang.invoke=ALL-UNNAMED --add-opens=java.base/java.util=ALL-UNNAMED --add-opens=java.prefs/java.util.prefs=ALL-UNNAMED --add-opens=java.prefs/java.util.prefs=ALL-UNNAMED --add-opens=java.base/java.nio.charset=ALL-UNNAMED --add-opens=java.base/java.net=ALL-UNNAMED --add-opens=java.base/java.util.concurrent.atomic=ALL-UNNAMED -Xmx2048m -Dfile.encoding=UTF-8 -Duser.country=US -Duser.language=en -Duser.variant 
java_command: org.gradle.launcher.daemon.bootstrap.GradleDaemon 7.0.2
java_class_path (initial): C:\Users\qteef\.gradle\wrapper\dists\gradle-7.0.2-bin\857tjihv64xamwrf0h14cai3r\gradle-7.0.2\lib\gradle-launcher-7.0.2.jar
Launcher Type: SUN_STANDARD

[Global flags]
     intx CICompilerCount                          = 4                                         {product} {ergonomic}
     uint ConcGCThreads                            = 3                                         {product} {ergonomic}
     uint G1ConcRefinementThreads                  = 10                                        {product} {ergonomic}
   size_t G1HeapRegionSize                         = 1048576                                   {product} {ergonomic}
    uintx GCDrainStackTargetSize                   = 64                                        {product} {ergonomic}
   size_t InitialHeapSize                          = 132120576                                 {product} {ergonomic}
   size_t MarkStackSize                            = 4194304                                   {product} {ergonomic}
   size_t MaxHeapSize                              = 2147483648                                {product} {command line}
   size_t MaxNewSize                               = 1287651328                                {product} {ergonomic}
   size_t MinHeapDeltaBytes                        = 1048576                                   {product} {ergonomic}
    uintx NonNMethodCodeHeapSize                   = 5836300                                {pd product} {ergonomic}
    uintx NonProfiledCodeHeapSize                  = 122910970                              {pd product} {ergonomic}
    uintx ProfiledCodeHeapSize                     = 122910970                              {pd product} {ergonomic}
    uintx ReservedCodeCacheSize                    = 251658240                              {pd product} {ergonomic}
     bool SegmentedCodeCache                       = true                                      {product} {ergonomic}
     bool UseCompressedClassPointers               = true                                 {lp64_product} {ergonomic}
     bool UseCompressedOops                        = true                                 {lp64_product} {ergonomic}
     bool UseG1GC                                  = true                                      {product} {ergonomic}
     bool UseLargePagesIndividualAllocation        = false                                  {pd product} {ergonomic}

Logging:
Log output configuration:
 #0: stdout all=warning uptime,level,tags
 #1: stderr all=off uptime,level,tags

Environment Variables:
PATH=C:\Program Files\Common Files\Oracle\Java\javapath;C:\Program Files\NVIDIA GPU Computing Toolkit\CUDA\v11.4\bin;C:\Program Files\NVIDIA GPU Computing Toolkit\CUDA\v11.4\libnvvp;C:\Windows\system32;C:\Windows;C:\Windows\System32\Wbem;C:\Windows\System32\WindowsPowerShell\v1.0\;C:\Windows\System32\OpenSSH\;C:\Program Files\Git\cmd;C:\Program Files\nodejs\;C:\Program Files\NVIDIA Corporation\Nsight Compute 2021.2.2\;C:\Program Files (x86)\NVIDIA Corporation\PhysX\Common;C:\Program Files\NVIDIA Corporation\NVIDIA NvDLISR;C:\Program Files\Microsoft SQL Server\Client SDK\ODBC\170\Tools\Binn\;C:\Program Files (x86)\Microsoft SQL Server\150\Tools\Binn\;C:\Program Files\Microsoft SQL Server\150\Tools\Binn\;C:\Program Files\Microsoft SQL Server\150\DTS\Binn\;C:\Program Files (x86)\Microsoft SQL Server\150\DTS\Binn\;C:\Program Files\Azure Data Studio\bin;C:\WINDOWS\system32;C:\WINDOWS;C:\WINDOWS\System32\Wbem;C:\WINDOWS\System32\WindowsPowerShell\v1.0\;C:\WINDOWS\System32\OpenSSH\;C:\Program Files\Java\jdk-18.0.1.1\bin;C:\Users\qteef\AppData\Local\Programs\Python\Python39\;C:\Users\qteef\AppData\Local\Microsoft\WindowsApps;C:\Program Files\JetBrains\PyCharm Community Edition 2021.1\bin;;C:\Users\qteef\AppData\Local\Programs\Microsoft VS Code\bin;C:\Users\qteef\AppData\Roaming\npm;C:\Program Files\heroku\bin;C:\Program Files\Azure Data Studio\bin;D:\Setup\flutter_windows_2.10.3-stable\flutter\bin;C:\Users\qteef\AppData\Local\Pub\Cache\bin;D:\Setup\winlibs-x86_64-posix-seh-gcc-11.3.0-llvm-14.0.3-mingw-w64ucrt-10.0.0-r3\mingw64\bin;
USERNAME=qteef
OS=Windows_NT
PROCESSOR_IDENTIFIER=Intel64 Family 6 Model 158 Stepping 10, GenuineIntel



---------------  S Y S T E M  ---------------

OS: Windows 10 , 64 bit Build 22000 (10.0.22000.675)
OS uptime: 0 days 1:38 hours

CPU:total 12 (initial active 12) (6 cores per cpu, 2 threads per core) family 6 model 158 stepping 10 microcode 0xde, cmov, cx8, fxsr, mmx, sse, sse2, sse3, ssse3, sse4.1, sse4.2, popcnt, avx, avx2, aes, clmul, erms, 3dnowpref, lzcnt, ht, tsc, tscinvbit, bmi1, bmi2, adx, fma

Memory: 4k page, system-wide physical 8051M (284M free)
TotalPageFile size 12051M (AvailPageFile size 3M)
current process WorkingSet (physical memory assigned to process): 344M, peak: 345M
current process commit charge ("private bytes"): 386M, peak: 386M

vm_info: OpenJDK 64-Bit Server VM (11.0.10+0-b96-7249189) for windows-amd64 JRE (11.0.10+0-b96-7249189), built on Mar 31 2021 21:44:00 by "builder" with MS VC++ 14.0 (VS2015)

END.
